"../../../Engine/Content/Functions/Engine_MaterialFunctions01/Opacity/CameraDepthFade.uasset" 0
"../../../Engine/Content/EngineMaterials/T_Default_Material_Grid_M.uasset" 1
"../../../Engine/Content/EngineMaterials/T_Default_Material_Grid_N.uasset" 2
"../../../Engine/Content/EngineMaterials/WorldGridMaterial.uasset" 3
"../../../../../../Users/jonathan/Desktop/VerticalUE4/Content/StarterContent/Textures/T_MacroVariation.uasset" 4
"../../../../../../Users/jonathan/Desktop/VerticalUE4/Content/StarterContent/Textures/T_Metal_Steel_D.uasset" 5
"../../../../../../Users/jonathan/Desktop/VerticalUE4/Content/StarterContent/Textures/T_Tech_Panel_M.uasset" 6
"../../../../../../Users/jonathan/Desktop/VerticalUE4/Content/StarterContent/Textures/T_Tech_Panel_N.uasset" 7
"../../../../../../Users/jonathan/Desktop/VerticalUE4/Content/StarterContent/Materials/M_Tech_Panel.uasset" 8
"../../../../../../Users/jonathan/Desktop/VerticalUE4/Content/P1.uasset" 9
"../../../../../../Users/jonathan/Desktop/VerticalUE4/Content/Pared_1.uasset" 10
"../../../../../../Users/jonathan/Desktop/VerticalUE4/Content/Mannequin/Character/Mesh/UE4_Mannequin_Skeleton.uasset" 11
"../../../../../../Users/jonathan/Desktop/VerticalUE4/Content/Mannequin/Animations/ThirdPersonJump_End.uasset" 12
"../../../../../../Users/jonathan/Desktop/VerticalUE4/Content/StarterContent/Materials/M_Basic_Wall.uasset" 13
"../../../../../../Users/jonathan/Desktop/VerticalUE4/Content/StarterContent/Architecture/Pillar_50x500.uasset" 14
"../../../../../../Users/jonathan/Desktop/VerticalUE4/Content/StarterContent/Architecture/Wall_400x300.uasset" 15
"../../../../../../Users/jonathan/Desktop/VerticalUE4/Content/StarterContent/Architecture/Wall_400x400.uasset" 16
"../../../../../../Users/jonathan/Desktop/VerticalUE4/Content/StarterContent/Architecture/Wall_500x500.uasset" 17
"../../../../../../Users/jonathan/Desktop/VerticalUE4/Content/StarterContent/Architecture/Wall_Door_400x400.uasset" 18
"../../../../../../Users/jonathan/Desktop/VerticalUE4/Content/StarterContent/Architecture/Wall_Window_400x400.uasset" 19
"../../../../../../Users/jonathan/Desktop/VerticalUE4/Content/StarterContent/Audio/Collapse01.uasset" 20
"../../../../../../Users/jonathan/Desktop/VerticalUE4/Content/StarterContent/Audio/Collapse02.uasset" 21
"../../../../../../Users/jonathan/Desktop/VerticalUE4/Content/StarterContent/Audio/Explosion01.uasset" 22
"../../../../../../Users/jonathan/Desktop/VerticalUE4/Content/StarterContent/Audio/Explosion02.uasset" 23
"../../../../../../Users/jonathan/Desktop/VerticalUE4/Content/StarterContent/Audio/Fire01.uasset" 24
"../../../../../../Users/jonathan/Desktop/VerticalUE4/Content/StarterContent/Audio/Fire_Sparks01.uasset" 25
"../../../../../../Users/jonathan/Desktop/VerticalUE4/Content/StarterContent/Audio/Light01.uasset" 26
"../../../../../../Users/jonathan/Desktop/VerticalUE4/Content/StarterContent/Audio/Light01_Cue.uasset" 27
"../../../../../../Users/jonathan/Desktop/VerticalUE4/Content/StarterContent/Audio/Light02.uasset" 28
"../../../../../../Users/jonathan/Desktop/VerticalUE4/Content/StarterContent/Audio/Light02_Cue.uasset" 29
"../../../../../../Users/jonathan/Desktop/VerticalUE4/Content/StarterContent/Audio/Smoke01.uasset" 30
"../../../../../../Users/jonathan/Desktop/VerticalUE4/Content/StarterContent/Audio/Starter_Birds01.uasset" 31
"../../../../../../Users/jonathan/Desktop/VerticalUE4/Content/StarterContent/Audio/Starter_Music01.uasset" 32
"../../../../../../Users/jonathan/Desktop/VerticalUE4/Content/StarterContent/Audio/Starter_Wind05.uasset" 33
"../../../../../../Users/jonathan/Desktop/VerticalUE4/Content/StarterContent/Audio/Starter_Wind06.uasset" 34
"../../../../../../Users/jonathan/Desktop/VerticalUE4/Content/StarterContent/Audio/Steam01.uasset" 35
"../../../../../../Users/jonathan/Desktop/VerticalUE4/Content/StarterContent/Audio/Explosion_Cue.uasset" 36
"../../../../../../Users/jonathan/Desktop/VerticalUE4/Content/StarterContent/Textures/T_Burst_M.uasset" 37
"../../../../../../Users/jonathan/Desktop/VerticalUE4/Content/StarterContent/Particles/Materials/M_Burst.uasset" 38
"../../../../../../Users/jonathan/Desktop/VerticalUE4/Content/StarterContent/Textures/T_Explosion_SubUV.uasset" 39
"../../../../../../Users/jonathan/Desktop/VerticalUE4/Content/StarterContent/Particles/Materials/M_explosion_subUV.uasset" 40
"../../../../../../Users/jonathan/Desktop/VerticalUE4/Content/StarterContent/Particles/Materials/m_flare_01.uasset" 41
"../../../Engine/Content/Functions/Engine_MaterialFunctions01/Gradient/RadialGradient.uasset" 42
"../../../../../../Users/jonathan/Desktop/VerticalUE4/Content/StarterContent/Particles/Materials/M_radial_ramp.uasset" 43
"../../../../../../Users/jonathan/Desktop/VerticalUE4/Content/StarterContent/Textures/T_Smoke_SubUV.uasset" 44
"../../../../../../Users/jonathan/Desktop/VerticalUE4/Content/StarterContent/Textures/T_Smoke_Tiled_D.uasset" 45
"../../../../../../Users/jonathan/Desktop/VerticalUE4/Content/StarterContent/Particles/Materials/M_smoke_subUV.uasset" 46
"../../../../../../Users/jonathan/Desktop/VerticalUE4/Content/StarterContent/Particles/P_Explosion.uasset" 47
"../../../../../../Users/jonathan/Desktop/VerticalUE4/Content/StarterContent/Blueprints/Blueprint_Effect_Explosion.uasset" 48
"../../../Engine/Content/EditorMeshes/ColorCalibrator/T_ColorGrid.uasset" 49
"../../../../../../Users/jonathan/Desktop/VerticalUE4/Content/StarterContent/Materials/M_ColorGrid_LowSpec.uasset" 50
"../../../../../../Users/jonathan/Desktop/VerticalUE4/Content/StarterContent/Textures/T_Bush_D.uasset" 51
"../../../../../../Users/jonathan/Desktop/VerticalUE4/Content/StarterContent/Textures/T_Bush_N.uasset" 52
"../../../../../../Users/jonathan/Desktop/VerticalUE4/Content/StarterContent/Props/Materials/M_Bush.uasset" 53
"../../../../../../Users/jonathan/Desktop/VerticalUE4/Content/StarterContent/Props/SM_Bush.uasset" 54
"../../../../../../Users/jonathan/Desktop/VerticalUE4/Content/StarterContent/Textures/T_Chair_M.uasset" 55
"../../../../../../Users/jonathan/Desktop/VerticalUE4/Content/StarterContent/Textures/T_Chair_N.uasset" 56
"../../../../../../Users/jonathan/Desktop/VerticalUE4/Content/StarterContent/Props/Materials/M_Chair.uasset" 57
"../../../../../../Users/jonathan/Desktop/VerticalUE4/Content/StarterContent/Props/SM_Couch.uasset" 58
"../../../../../../Users/jonathan/Desktop/VerticalUE4/Content/StarterContent/Materials/M_Glass.uasset" 59
"../../../../../../Users/jonathan/Desktop/VerticalUE4/Content/StarterContent/Textures/T_Door_M.uasset" 60
"../../../../../../Users/jonathan/Desktop/VerticalUE4/Content/StarterContent/Textures/T_Door_N.uasset" 61
"../../../../../../Users/jonathan/Desktop/VerticalUE4/Content/StarterContent/Props/Materials/M_Door.uasset" 62
"../../../../../../Users/jonathan/Desktop/VerticalUE4/Content/StarterContent/Props/SM_Door.uasset" 63
"../../../../../../Users/jonathan/Desktop/VerticalUE4/Content/StarterContent/Props/Materials/M_MaterialSphere.uasset" 64
"../../../../../../Users/jonathan/Desktop/VerticalUE4/Content/StarterContent/Props/Materials/M_MaterialSphere_Plain.uasset" 65
"../../../../../../Users/jonathan/Desktop/VerticalUE4/Content/StarterContent/Props/SM_MatPreviewMesh_02.uasset" 66
"../../../Engine/Content/Functions/Engine_MaterialFunctions02/Utility/BlendAngleCorrectedNormals.uasset" 67
"../../../../../../Users/jonathan/Desktop/VerticalUE4/Content/StarterContent/Textures/T_Detail_Rocky_N.uasset" 68
"../../../../../../Users/jonathan/Desktop/VerticalUE4/Content/StarterContent/Textures/T_Rock_Basalt_D.uasset" 69
"../../../../../../Users/jonathan/Desktop/VerticalUE4/Content/StarterContent/Textures/T_RockMesh_M.uasset" 70
"../../../../../../Users/jonathan/Desktop/VerticalUE4/Content/StarterContent/Textures/T_RockMesh_N.uasset" 71
"../../../../../../Users/jonathan/Desktop/VerticalUE4/Content/StarterContent/Props/Materials/M_Rock.uasset" 72
"../../../../../../Users/jonathan/Desktop/VerticalUE4/Content/StarterContent/Props/SM_Rock.uasset" 73
"../../../../../../Users/jonathan/Desktop/VerticalUE4/Content/StarterContent/Textures/T_Shelf_M.uasset" 74
"../../../../../../Users/jonathan/Desktop/VerticalUE4/Content/StarterContent/Textures/T_Shelf_N.uasset" 75
"../../../../../../Users/jonathan/Desktop/VerticalUE4/Content/StarterContent/Props/Materials/M_Shelf.uasset" 76
"../../../../../../Users/jonathan/Desktop/VerticalUE4/Content/StarterContent/Props/SM_Shelf.uasset" 77
"../../../../../../Users/jonathan/Desktop/VerticalUE4/Content/StarterContent/Materials/M_Basic_Floor.uasset" 78
"../../../../../../Users/jonathan/Desktop/VerticalUE4/Content/StarterContent/Props/SM_Stairs.uasset" 79
"../../../../../../Users/jonathan/Desktop/VerticalUE4/Content/StarterContent/Shapes/Shape_Cone.uasset" 80
"../../../../../../Users/jonathan/Desktop/VerticalUE4/Content/StarterContent/Shapes/Shape_Cylinder.uasset" 81
"../../../../../../Users/jonathan/Desktop/VerticalUE4/Content/StarterContent/Shapes/Shape_NarrowCapsule.uasset" 82
"../../../../../../Users/jonathan/Desktop/VerticalUE4/Content/StarterContent/Shapes/Shape_Pipe.uasset" 83
"../../../../../../Users/jonathan/Desktop/VerticalUE4/Content/StarterContent/Shapes/Shape_Pipe_180.uasset" 84
"../../../../../../Users/jonathan/Desktop/VerticalUE4/Content/StarterContent/Shapes/Shape_Pipe_90.uasset" 85
"../../../../../../Users/jonathan/Desktop/VerticalUE4/Content/StarterContent/Shapes/Shape_Plane.uasset" 86
"../../../../../../Users/jonathan/Desktop/VerticalUE4/Content/StarterContent/Shapes/Shape_Torus.uasset" 87
"../../../../../../Users/jonathan/Desktop/VerticalUE4/Content/StarterContent/Shapes/Shape_Trim.uasset" 88
"../../../../../../Users/jonathan/Desktop/VerticalUE4/Content/StarterContent/Shapes/Shape_Trim_90_In.uasset" 89
"../../../../../../Users/jonathan/Desktop/VerticalUE4/Content/StarterContent/Shapes/Shape_Trim_90_Out.uasset" 90
"../../../../../../Users/jonathan/Desktop/VerticalUE4/Content/StarterContent/Shapes/Shape_TriPyramid.uasset" 91
"../../../../../../Users/jonathan/Desktop/VerticalUE4/Content/StarterContent/Shapes/Shape_Tube.uasset" 92
"../../../../../../Users/jonathan/Desktop/VerticalUE4/Content/StarterContent/Shapes/Shape_Wedge_A.uasset" 93
"../../../../../../Users/jonathan/Desktop/VerticalUE4/Content/StarterContent/Shapes/Shape_Wedge_B.uasset" 94
"../../../../../../Users/jonathan/Desktop/VerticalUE4/Content/StarterContent/Shapes/Shape_WideCapsule.uasset" 95
"../../../Engine/Content/EditorBlueprintResources/StandardMacros.uasset" 96
"../../../../../../Users/jonathan/Desktop/VerticalUE4/Content/SuperGrid/StarterPack/Blueprints/S_SuperGridGroup.uasset" 97
"../../../../../../Users/jonathan/Desktop/VerticalUE4/Content/SuperGrid/StarterPack/Blueprints/SuperGridAssetInterface.uasset" 98
"../../../../../../Users/jonathan/Desktop/VerticalUE4/Content/SuperGrid/StarterPack/Source/Textures/Templates/T_SGGroup.uasset" 99
"../../../../../../Users/jonathan/Desktop/VerticalUE4/Content/SuperGrid/StarterPack/Blueprints/SuperGrid_Group.uasset" 100
"../../../Engine/Content/Functions/Engine_MaterialFunctions02/Utility/BreakOutFloat3Components.uasset" 101
"../../../Engine/Content/Functions/Engine_MaterialFunctions02/Utility/MakeFloat3.uasset" 102
"../../../Engine/Content/Functions/Engine_MaterialFunctions02/Utility/Sign.uasset" 103
"../../../Engine/Content/Functions/Engine_MaterialFunctions02/Utility/Round.uasset" 104
"../../../Engine/Content/Functions/Engine_MaterialFunctions02/Utility/VectorLength.uasset" 105
"../../../Engine/Content/Functions/Engine_MaterialFunctions02/WorldPositionOffset/ObjectScale.uasset" 106
"../../../../../../Users/jonathan/Desktop/VerticalUE4/Content/SuperGrid/StarterPack/Materials/Functions/Basic/BreakSet.uasset" 107
"../../../../../../Users/jonathan/Desktop/VerticalUE4/Content/SuperGrid/StarterPack/Materials/Functions/Basic/MakeSet.uasset" 108
"../../../../../../Users/jonathan/Desktop/VerticalUE4/Content/SuperGrid/StarterPack/Materials/Functions/Basic/Roughness.uasset" 109
"../../../../../../Users/jonathan/Desktop/VerticalUE4/Content/SuperGrid/StarterPack/Materials/Functions/Texture/Dye_SingleColor.uasset" 110
"../../../../../../Users/jonathan/Desktop/VerticalUE4/Content/SuperGrid/StarterPack/Source/Textures/T_BasicGrid_M.uasset" 111
"../../../../../../Users/jonathan/Desktop/VerticalUE4/Content/SuperGrid/StarterPack/Materials/Functions/Texture/Tex_SimpleGrid.uasset" 112
"../../../../../../Users/jonathan/Desktop/VerticalUE4/Content/SuperGrid/StarterPack/Materials/Functions/UV/UV_ObjectScalable.uasset" 113
"../../../../../../Users/jonathan/Desktop/VerticalUE4/Content/SuperGrid/StarterPack/Materials/Functions/UV/UV_SetupGrid.uasset" 114
"../../../../../../Users/jonathan/Desktop/VerticalUE4/Content/SuperGrid/StarterPack/Source/Textures/T_BasicGrid_N.uasset" 115
"../../../../../../Users/jonathan/Desktop/VerticalUE4/Content/SuperGrid/StarterPack/Materials/Base/M_SuperGrid_SingleColor.uasset" 116
"../../../../../../Users/jonathan/Desktop/VerticalUE4/Content/SuperGrid/StarterPack/Materials/Palette/Grids/M_SuperGrid_DefaultBlack.uasset" 117
"../../../../../../Users/jonathan/Desktop/VerticalUE4/Content/SuperGrid/StarterPack/Source/Textures/Templates/T_SGLogo.uasset" 118
"../../../../../../Users/jonathan/Desktop/VerticalUE4/Content/SuperGrid/StarterPack/Blueprints/SuperGrid_Master.uasset" 119
"../../../../../../Users/jonathan/Desktop/VerticalUE4/Content/SuperGrid/StarterPack/Materials/Functions/Texture/Dye_4ColorBasic.uasset" 120
"../../../../../../Users/jonathan/Desktop/VerticalUE4/Content/SuperGrid/StarterPack/Materials/Functions/UV/UV_WorldScalable.uasset" 121
"../../../../../../Users/jonathan/Desktop/VerticalUE4/Content/SuperGrid/StarterPack/Materials/Functions/UV/UV_CustomTexture.uasset" 122
"../../../../../../Users/jonathan/Desktop/VerticalUE4/Content/SuperGrid/StarterPack/Source/Textures/T_Panels_M.uasset" 123
"../../../../../../Users/jonathan/Desktop/VerticalUE4/Content/SuperGrid/StarterPack/Source/Textures/T_Panels_N.uasset" 124
"../../../../../../Users/jonathan/Desktop/VerticalUE4/Content/SuperGrid/StarterPack/Materials/Base/M_SuperGrid_PanelCustom.uasset" 125
"../../../../../../Users/jonathan/Desktop/VerticalUE4/Content/SuperGrid/StarterPack/Materials/Palette/Advanced/M_SuperGrid_PanelRed.uasset" 126
"../../../../../../Users/jonathan/Desktop/VerticalUE4/Content/SuperGrid/StarterPack/Materials/Palette/Advanced/M_SuperGrid_PanelWhite.uasset" 127
"../../../Engine/Content/Functions/Engine_MaterialFunctions02/Utility/Sine_Remapped.uasset" 128
"../../../../../../Users/jonathan/Desktop/VerticalUE4/Content/SuperGrid/StarterPack/Materials/Functions/UV/UV_CustomPanner.uasset" 129
"../../../../../../Users/jonathan/Desktop/VerticalUE4/Content/SuperGrid/StarterPack/Source/Textures/T_Distortion_N.uasset" 130
"../../../../../../Users/jonathan/Desktop/VerticalUE4/Content/SuperGrid/StarterPack/Materials/Base/M_SuperGrid_HoloRefract.uasset" 131
"../../../../../../Users/jonathan/Desktop/VerticalUE4/Content/SuperGrid/StarterPack/Materials/Palette/Holographic/M_SuperGrid_HoloRefract_Cyan.uasset" 132
"../../../Engine/Content/Functions/Engine_MaterialFunctions02/Utility/BreakOutFloat2Components.uasset" 133
"../../../../../../Users/jonathan/Desktop/VerticalUE4/Content/SuperGrid/StarterPack/Source/Textures/Templates/T_TemplateGrid.uasset" 134
"../../../../../../Users/jonathan/Desktop/VerticalUE4/Content/SuperGrid/StarterPack/Source/Textures/Templates/T_TemplateHuman.uasset" 135
"../../../../../../Users/jonathan/Desktop/VerticalUE4/Content/SuperGrid/StarterPack/Materials/Base/M_SuperGrid_Template.uasset" 136
"../../../../../../Users/jonathan/Desktop/VerticalUE4/Content/SuperGrid/StarterPack/Materials/Palette/Templates/M_SuperGrid_Te_Human.uasset" 137
"../../../../../../Users/jonathan/Desktop/VerticalUE4/Content/SuperGrid/StarterPack/Materials/Palette/Grids/M_SuperGrid_Default.uasset" 138
"../../../../../../Users/jonathan/Desktop/VerticalUE4/Content/SuperGrid/StarterPack/Source/Meshes/SuperGrid_BoxHighRes.uasset" 139
"../../../../../../Users/jonathan/Desktop/VerticalUE4/Content/SuperGrid/StarterPack/Source/Textures/T_Hexagon_M.uasset" 140
"../../../../../../Users/jonathan/Desktop/VerticalUE4/Content/SuperGrid/StarterPack/Source/Textures/T_Plate_M.uasset" 141
"../../../../../../Users/jonathan/Desktop/VerticalUE4/Content/SuperGrid/StarterPack/Source/Textures/T_Plate_N.uasset" 142
"../../../../../../Users/jonathan/Desktop/VerticalUE4/Content/SuperGrid/StarterPack/Materials/Functions/Basic/Layout_LocalSides.uasset" 143
"../../../../../../Users/jonathan/Desktop/VerticalUE4/Content/SuperGrid/StarterPack/Materials/Functions/Basic/Layout_WorldSides.uasset" 144
"../../../../../../Users/jonathan/Desktop/VerticalUE4/Content/SuperGrid/StarterPack/Materials/Base/M_SuperGrid_Orientation.uasset" 145
"../../../../../../Users/jonathan/Desktop/VerticalUE4/Content/SuperGrid/TutorialLevel/MaterialInstances/M_TutOrient.uasset" 146
"../../../../../../Users/jonathan/Desktop/VerticalUE4/Content/SuperGrid/StarterPack/Materials/Base/M_SuperGrid_Holographic.uasset" 147
"../../../../../../Users/jonathan/Desktop/VerticalUE4/Content/SuperGrid/StarterPack/Source/Textures/T_StoneGrid_M.uasset" 148
"../../../../../../Users/jonathan/Desktop/VerticalUE4/Content/SuperGrid/TutorialLevel/MaterialInstances/M_Tut_Holo_Tiny.uasset" 149
"../../../../../../Users/jonathan/Desktop/VerticalUE4/Content/SuperGrid/StarterPack/Source/Textures/T_CustomMetal_M.uasset" 150
"../../../../../../Users/jonathan/Desktop/VerticalUE4/Content/SuperGrid/StarterPack/Source/Textures/T_CustomMetal_N.uasset" 151
"../../../../../../Users/jonathan/Desktop/VerticalUE4/Content/SuperGrid/StarterPack/Materials/Base/M_SuperGrid_MetalCustom.uasset" 152
"../../../../../../Users/jonathan/Desktop/VerticalUE4/Content/SuperGrid/TutorialLevel/MaterialInstances/M_Tut_PlateB.uasset" 153
"../../../../../../Users/jonathan/Desktop/VerticalUE4/Content/SuperGrid/StarterPack/Source/Textures/T_ModernGrid_M.uasset" 154
"../../../../../../Users/jonathan/Desktop/VerticalUE4/Content/SuperGrid/StarterPack/Source/Textures/T_ModernGrid_N.uasset" 155
"../../../../../../Users/jonathan/Desktop/VerticalUE4/Content/SuperGrid/StarterPack/Materials/Base/M_SuperGrid_Modern.uasset" 156
"../../../../../../Users/jonathan/Desktop/VerticalUE4/Content/SuperGrid/StarterPack/Source/Textures/T_StoneGrid_N.uasset" 157
"../../../../../../Users/jonathan/Desktop/VerticalUE4/Content/SuperGrid/TutorialLevel/MaterialInstances/M_Tut_Rocky.uasset" 158
"../../../../../../Users/jonathan/Desktop/VerticalUE4/Content/SuperGrid/TutorialLevel/Particles/P_Sphere.uasset" 159
"../../../../../../Users/jonathan/Desktop/VerticalUE4/Content/SuperGrid/TutorialLevel/SoundEffects/Attenuation_Default.uasset" 160
"../../../../../../Users/jonathan/Desktop/VerticalUE4/Content/SuperGrid/TutorialLevel/SoundEffects/Attenuation_Distant.uasset" 161
"../../../../../../Users/jonathan/Desktop/VerticalUE4/Content/SuperGrid/TutorialLevel/SoundEffects/SimpleChop_B.uasset" 162
"../../../../../../Users/jonathan/Desktop/VerticalUE4/Content/SuperGrid/TutorialLevel/SoundEffects/Cue_DoubleJump.uasset" 163
"../../../../../../Users/jonathan/Desktop/VerticalUE4/Content/SuperGrid/TutorialLevel/SoundEffects/distant-explosion-a.uasset" 164
"../../../../../../Users/jonathan/Desktop/VerticalUE4/Content/SuperGrid/TutorialLevel/SoundEffects/distant-explosion-b.uasset" 165
"../../../../../../Users/jonathan/Desktop/VerticalUE4/Content/SuperGrid/TutorialLevel/SoundEffects/Cue_Explosions.uasset" 166
"../../../../../../Users/jonathan/Desktop/VerticalUE4/Content/SuperGrid/TutorialLevel/SoundEffects/Footstep_Stone1_0.uasset" 167
"../../../../../../Users/jonathan/Desktop/VerticalUE4/Content/SuperGrid/TutorialLevel/SoundEffects/Footstep_Stone2_0.uasset" 168
"../../../../../../Users/jonathan/Desktop/VerticalUE4/Content/SuperGrid/TutorialLevel/SoundEffects/Cue_Footstep.uasset" 169
"../../../../../../Users/jonathan/Desktop/VerticalUE4/Content/SuperGrid/TutorialLevel/SoundEffects/Cue_Jump.uasset" 170
"../../../../../../Users/jonathan/Desktop/VerticalUE4/Content/SuperGrid/TutorialLevel/SoundEffects/Footstep_Concrete_0.uasset" 171
"../../../../../../Users/jonathan/Desktop/VerticalUE4/Content/SuperGrid/TutorialLevel/SoundEffects/Cue_Landing.uasset" 172
"../../../../../../Users/jonathan/Desktop/VerticalUE4/Content/SuperGrid/TutorialLevel/SoundEffects/MechClamp.uasset" 173
"../../../../../../Users/jonathan/Desktop/VerticalUE4/Content/SuperGrid/TutorialLevel/SoundEffects/Cue_Lift.uasset" 174
"../../../../../../Users/jonathan/Desktop/VerticalUE4/Content/SuperGrid/TutorialLevel/SoundEffects/MetalStepA.uasset" 175
"../../../../../../Users/jonathan/Desktop/VerticalUE4/Content/SuperGrid/TutorialLevel/SoundEffects/Cue_MetalStep.uasset" 176
"../../../../../../Users/jonathan/Desktop/VerticalUE4/Content/SuperGrid/TutorialLevel/SoundEffects/Attenuation_Portals.uasset" 177
"../../../../../../Users/jonathan/Desktop/VerticalUE4/Content/SuperGrid/TutorialLevel/SoundEffects/SubOceano_A.uasset" 178
"../../../../../../Users/jonathan/Desktop/VerticalUE4/Content/SuperGrid/TutorialLevel/SoundEffects/SubOceano_B.uasset" 179
"../../../../../../Users/jonathan/Desktop/VerticalUE4/Content/SuperGrid/TutorialLevel/SoundEffects/Cue_Portals.uasset" 180
"../../../../../../Users/jonathan/Desktop/VerticalUE4/Content/SuperGrid/TutorialLevel/SoundEffects/ShortPing.uasset" 181
"../../../../../../Users/jonathan/Desktop/VerticalUE4/Content/SuperGrid/TutorialLevel/SoundEffects/Cue_Transition.uasset" 182
"../../../../../../Users/jonathan/Desktop/VerticalUE4/Content/SuperGrid/TutorialLevel/SoundEffects/DigitalWhoosh_Soft.uasset" 183
"../../../../../../Users/jonathan/Desktop/VerticalUE4/Content/SuperGrid/TutorialLevel/SoundEffects/DoorSound.uasset" 184
"../../../../../../Users/jonathan/Desktop/VerticalUE4/Content/SuperGrid/TutorialLevel/SoundEffects/MechClank.uasset" 185
"../../../../../../Users/jonathan/Desktop/VerticalUE4/Content/SuperGrid/TutorialLevel/SoundEffects/MetalStepB.uasset" 186
"../../../../../../Users/jonathan/Desktop/VerticalUE4/Content/SuperGrid/TutorialLevel/SoundEffects/Erokia_Elementary_Wave.uasset" 187
"../../../../../../Users/jonathan/Desktop/VerticalUE4/Content/SuperGrid/TutorialLevel/SoundEffects/MusicLoop.uasset" 188
"../../../../../../Users/jonathan/Desktop/VerticalUE4/Content/SuperGrid/TutorialLevel/SoundEffects/SimpleChop_A.uasset" 189
"../../../../../../Users/jonathan/Desktop/VerticalUE4/Content/SuperGrid/TutorialLevel/Utility/Materials/M_Utility_Channel.uasset" 190
"../../../../../../Users/jonathan/Desktop/VerticalUE4/Content/SuperGrid/TutorialLevel/Utility/MaterialInstances/M_Utility_Channel_Rough.uasset" 191
"../../../../../../Users/jonathan/Desktop/VerticalUE4/Content/SuperGrid/StarterPack/Source/Textures/T_DotGrid_M.uasset" 192
"../../../../../../Users/jonathan/Desktop/VerticalUE4/Content/SuperGrid/TutorialLevel/Utility/Materials/M_HoloLightFunction.uasset" 193
"../../../../../../Users/jonathan/Desktop/VerticalUE4/Content/SuperGrid/TutorialLevel/Utility/Materials/M_StarParticle.uasset" 194
"../../../../../../Users/jonathan/Desktop/VerticalUE4/Content/SuperGrid/TutorialLevel/Utility/Materials/M_Utility_Grid.uasset" 195
"../../../../../../Users/jonathan/Desktop/VerticalUE4/Content/SuperGrid/TutorialLevel/Utility/Materials/M_Utility_Helper.uasset" 196
"../../../../../../Users/jonathan/Desktop/VerticalUE4/Content/SuperGrid/TutorialLevel/Utility/Materials/M_Utility_Helper_Enabled.uasset" 197
"../../../../../../Users/jonathan/Desktop/VerticalUE4/Content/SuperGrid/TutorialLevel/Utility/Materials/M_Utility_Helper_Inst2.uasset" 198
"../../../../../../Users/jonathan/Desktop/VerticalUE4/Content/SuperGrid/TutorialLevel/Utility/Materials/M_Utility_Refract.uasset" 199
"../../../../../../Users/jonathan/Desktop/VerticalUE4/Content/SuperGrid/TutorialLevel/Utility/Materials/M_Utility_Refract_Inst.uasset" 200
"../../../../../../Users/jonathan/Desktop/VerticalUE4/Content/SuperGrid/TutorialLevel/Utility/Misc/Shake_Landing_Normal.uasset" 201
"../../../../../../Users/jonathan/Desktop/VerticalUE4/Content/SuperGrid/TutorialLevel/Utility/Misc/Shake_Landing_Weak.uasset" 202
"../../../../../../Users/jonathan/Desktop/VerticalUE4/Content/SuperGrid/TutorialLevel/Utility/Textures/T_Crosshair_A.uasset" 203
"../../../../../../Users/jonathan/Desktop/VerticalUE4/Content/ThirdPersonBP/ThirdPersonOverview.uasset" 204
"../../../../../../Users/jonathan/Desktop/VerticalUE4/Content/ThirdPersonBP/Blueprints/FloorMaterial.uasset" 205
"../../../../../../Users/jonathan/Desktop/VerticalUE4/Content/ThirdPersonBP/Blueprints/Maps/super-chill-e-piano-chords_116bpm_E_major.uasset" 206
"../../../../../../Users/jonathan/Desktop/VerticalUE4/Content/ThirdPersonBP/Blueprints/Maps/music/DustBowl_70_F_Pad.uasset" 207
"../../../../../../Users/jonathan/Desktop/VerticalUE4/Content/ThirdPersonBP/Blueprints/Maps/music/TechniColourTrip_83_F_Lead.uasset" 208
"../../../Engine/Content/Animation/DefaultAnimCurveCompressionSettings.uasset" 209
"../../../Engine/Content/ArtTools/RenderToTexture/Meshes/S_1_Unit_Plane.uasset" 210
"../../../Engine/Content/EngineMaterials/DefaultMaterial.uasset" 211
"../../../Engine/Content/BasicShapes/Cone.uasset" 212
"../../../Engine/Content/BasicShapes/Cylinder.uasset" 213
"../../../Engine/Content/BasicShapes/Plane.uasset" 214
"../../../Engine/Content/EditorLandscapeResources/DataLayer.uasset" 215
"../../../Engine/Content/EditorMaterials/GizmoMaterial.uasset" 216
"../../../Engine/Content/EditorMaterials/MAT_Groups_Toggle.uasset" 217
"../../../Engine/Content/EditorMaterials/MAT_Groups_Visibility.uasset" 218
"../../../Engine/Content/EditorMaterials/PreviewShadowIndicator.uasset" 219
"../../../Engine/Content/EditorMaterials/PreviewShadowIndicatorMaterial.uasset" 220
"../../../Engine/Content/EditorMaterials/MatineeGroups/MAT_ColorTrack.uasset" 221
"../../../Engine/Content/EditorMaterials/MatineeGroups/MAT_Groups_Anim.uasset" 222
"../../../Engine/Content/EditorMaterials/MatineeGroups/MAT_Groups_AudioMaster.uasset" 223
"../../../Engine/Content/EditorMaterials/MatineeGroups/MAT_Groups_Director.uasset" 224
"../../../Engine/Content/EditorMaterials/MatineeGroups/MAT_Groups_Event.uasset" 225
"../../../Engine/Content/EditorMaterials/MatineeGroups/MAT_Groups_Fade.uasset" 226
"../../../Engine/Content/EditorMaterials/MatineeGroups/MAT_Groups_Float.uasset" 227
"../../../Engine/Content/EditorMaterials/MatineeGroups/MAT_Groups_Move.uasset" 228
"../../../Engine/Content/EditorMaterials/MatineeGroups/MAT_Groups_Slomo.uasset" 229
"../../../Engine/Content/EditorMaterials/MatineeGroups/MAT_Groups_Sound.uasset" 230
"../../../Engine/Content/EditorMaterials/MatineeGroups/MAT_Groups_Vector.uasset" 231
"../../../Engine/Content/EditorMaterials/ParticleSystems/PSysThumbnail_NoImage.uasset" 232
"../../../Engine/Content/EditorMaterials/ParticleSystems/PSysThumbnail_OOD.uasset" 233
"../../../Engine/Content/EditorMaterials/Camera/CineMat.uasset" 234
"../../../Engine/Content/EditorMaterials/Camera/MI_CineMat_Rig.uasset" 235
"../../../Engine/Content/EditorMeshes/Camera/SM_CraneRig_Arm.uasset" 236
"../../../Engine/Content/EditorMeshes/Camera/SM_CraneRig_Base.uasset" 237
"../../../Engine/Content/EditorMeshes/Camera/SM_CraneRig_Body.uasset" 238
"../../../Engine/Content/EditorMeshes/Camera/SM_CraneRig_Mount.uasset" 239
"../../../Engine/Content/EditorMeshes/Camera/SM_RailRig_Mount.uasset" 240
"../../../Engine/Content/EditorMeshes/Camera/SM_RailRig_Track.uasset" 241
"../../../Engine/Content/EditorResources/BSPVertex.uasset" 242
"../../../Engine/Content/EditorResources/EmptyActor.uasset" 243
"../../../Engine/Content/EditorResources/S_Actor.uasset" 244
"../../../Engine/Content/EditorResources/S_Note.uasset" 245
"../../../Engine/Content/EditorResources/S_Solver.uasset" 246
"../../../Engine/Content/EditorResources/S_Trigger.uasset" 247
"../../../Engine/Content/EditorResources/AudioIcons/S_AudioComponent.uasset" 248
"../../../Engine/Content/EditorResources/AudioIcons/S_AudioComponent_AutoActivate.uasset" 249
"../../../Engine/Content/EditorResources/LightIcons/S_LightError.uasset" 250
"../../../Engine/Content/EditorResources/SequenceRecorder/Countdown.uasset" 251
"../../../Engine/Content/EditorResources/SequenceRecorder/RecordingIndicator.uasset" 252
"../../../Engine/Content/EditorSounds/Notifications/CompileFailed.uasset" 253
"../../../Engine/Content/EditorSounds/Notifications/CompileFailed_Cue.uasset" 254
"../../../Engine/Content/EditorSounds/Notifications/CompileSuccess.uasset" 255
"../../../Engine/Content/EditorSounds/Notifications/CompileStart_Cue.uasset" 256
"../../../Engine/Content/EditorSounds/Notifications/CompileSuccess_Cue.uasset" 257
"../../../Engine/Content/EngineDamageTypes/DmgTypeBP_Environmental.uasset" 258
"../../../Engine/Content/EngineDebugMaterials/HeatmapGradient.uasset" 259
"../../../Engine/Content/EngineDebugMaterials/BoneWeightMaterial.uasset" 260
"../../../Engine/Content/EngineDebugMaterials/ClothMaterial.uasset" 261
"../../../Engine/Content/EngineDebugMaterials/ClothMaterial_WF.uasset" 262
"../../../Engine/Content/EngineDebugMaterials/DebugEditorMaterial.uasset" 263
"../../../Engine/Content/EngineDebugMaterials/DebugMeshMaterial.uasset" 264
"../../../Engine/Content/EngineDebugMaterials/GeomMaterial.uasset" 265
"../../../Engine/Content/EngineDebugMaterials/M_SimpleTranslucent.uasset" 266
"../../../Engine/Content/Functions/Engine_MaterialFunctions02/Utility/CameraDirectionVector.uasset" 267
"../../../Engine/Content/EngineDebugMaterials/VolumeToRender.uasset" 268
"../../../Engine/Content/EngineDebugMaterials/M_VolumeRenderSphereTracePP.uasset" 269
"../../../Engine/Content/EngineDebugMaterials/WireframeMaterial.uasset" 270
"../../../Engine/Content/EngineFonts/Faces/RobotoBold.uasset" 271
"../../../Engine/Content/EngineFonts/Faces/RobotoBoldItalic.uasset" 272
"../../../Engine/Content/EngineFonts/Faces/RobotoItalic.uasset" 273
"../../../Engine/Content/EngineFonts/Faces/RobotoLight.uasset" 274
"../../../Engine/Content/EngineFonts/Faces/RobotoRegular.uasset" 275
"../../../Engine/Content/EngineFonts/Roboto.uasset" 276
"../../../Engine/Content/EngineMaterials/BaseFlattenDiffuseMap.uasset" 277
"../../../Engine/Content/EngineMaterials/BaseFlattenEmissiveMap.uasset" 278
"../../../Engine/Content/EngineMaterials/BaseFlattenGrayscaleMap.uasset" 279
"../../../Engine/Content/EngineMaterials/BaseFlattenNormalMap.uasset" 280
"../../../Engine/Content/EngineMaterials/BaseFlattenMaterial.uasset" 281
"../../../Engine/Content/EngineMaterials/BlueNoise.uasset" 282
"../../../Engine/Content/EngineMaterials/DefaultBloomKernel.uasset" 283
"../../../Engine/Content/EngineMaterials/DefaultBokeh.uasset" 284
"../../../Engine/Content/EngineMaterials/DefaultDiffuse.uasset" 285
"../../../Engine/Content/EngineMaterials/DefaultDeferredDecalMaterial.uasset" 286
"../../../Engine/Content/EngineMaterials/DefaultLightFunctionMaterial.uasset" 287
"../../../Engine/Content/EngineMaterials/DefaultPhysicalMaterial.uasset" 288
"../../../Engine/Content/EngineMaterials/DefaultPostProcessMaterial.uasset" 289
"../../../Engine/Content/EngineFonts/RobotoDistanceField.uasset" 290
"../../../Engine/Content/EngineMaterials/DefaultTextMaterialOpaque.uasset" 291
"../../../Engine/Content/EngineMaterials/DefaultVirtualTextureMaterial.uasset" 292
"../../../Engine/Content/EngineMaterials/DefaultWhiteGrid.uasset" 293
"../../../Engine/Content/EngineMaterials/EditorBrushMaterial.uasset" 294
"../../../Engine/Content/EngineMaterials/DefaultWhiteGrid_Low.uasset" 295
"../../../Engine/Content/EngineMaterials/EmissiveMeshMaterial.uasset" 296
"../../../Engine/Content/EngineMaterials/Good64x64TilingNoiseHighFreq.uasset" 297
"../../../Engine/Content/EngineMaterials/MiniFont.uasset" 298
"../../../Engine/Content/EngineMaterials/InvalidLightmapSettings.uasset" 299
"../../../Engine/Content/EngineMaterials/M_InvalidLightmapSettings.uasset" 300
"../../../Engine/Content/Functions/Engine_MaterialFunctions02/WorldPositionOffset/CameraOffset.uasset" 301
"../../../Engine/Content/EngineMaterials/PhAT_JointLimitMaterial.uasset" 302
"../../../Engine/Content/EngineMaterials/PreintegratedSkinBRDF.uasset" 303
"../../../Engine/Content/EngineMaterials/RemoveSurfaceMaterial.uasset" 304
"../../../Engine/Content/EngineMaterials/WeightMapPlaceholderTexture.uasset" 305
"../../../Engine/Content/EngineResources/WhiteSquareTexture.uasset" 306
"../../../Engine/Content/EngineMaterials/Widget3DPassThrough.uasset" 307
"../../../Engine/Content/EngineMaterials/Widget3DPassThrough_Masked.uasset" 308
"../../../Engine/Content/EngineMaterials/Widget3DPassThrough_Opaque.uasset" 309
"../../../Engine/Content/EngineMaterials/Widget3DPassThrough_Masked_OneSided.uasset" 310
"../../../Engine/Content/EngineMaterials/Widget3DPassThrough_Opaque_OneSided.uasset" 311
"../../../Engine/Content/EngineMaterials/Widget3DPassThrough_Translucent.uasset" 312
"../../../Engine/Content/EngineMaterials/Widget3DPassThrough_Translucent_OneSided.uasset" 313
"../../../Engine/Content/EngineMeshes/Cylinder.uasset" 314
"../../../Engine/Content/EngineMeshes/Sphere.uasset" 315
"../../../Engine/Content/EngineResources/Black.uasset" 316
"../../../Engine/Content/EngineResources/DefaultTexture.uasset" 317
"../../../Engine/Content/EngineResources/DefaultTextureCube.uasset" 318
"../../../Engine/Content/EngineResources/DefaultVolumeTexture2D.uasset" 319
"../../../Engine/Content/EngineResources/DefaultVolumeTexture.uasset" 320
"../../../Engine/Content/EngineResources/GradientTexture0.uasset" 321
"../../../Engine/Content/EngineSounds/Master.uasset" 322
"../../../Engine/Content/Functions/Engine_MaterialFunctions01/Shading/ConvertFromDiffSpec.uasset" 323
"../../../Engine/Content/Functions/Engine_MaterialFunctions01/Shading/PowerToRoughness.uasset" 324
"../../../Engine/Content/Maps/Templates/Thumbnails/Default.uasset" 325
"../../../Engine/Content/Maps/Templates/Thumbnails/VR-Basic.uasset" 326
"../../../Engine/Content/MobileResources/T_MobileControls_texture.uasset" 327
"../../../Engine/Content/MobileResources/T_MobileMenu2.uasset" 328
"../../../Engine/Content/MobileResources/HUD/AnalogHat.uasset" 329
"../../../Engine/Content/MobileResources/HUD/VirtualJoystick_Background.uasset" 330
"../../../Engine/Content/MobileResources/HUD/VirtualJoystick_Thumb.uasset" 331
"../../../Engine/Content/MobileResources/HUD/DefaultVirtualJoysticks.uasset" 332
"../../../Engine/Content/MobileResources/HUD/LeftVirtualJoystickOnly.uasset" 333
"../../../Engine/Content/MobileResources/HUD/MobileHUDButton1_off.uasset" 334
"../../../Engine/Content/MobileResources/HUD/MobileHUDButton1_on.uasset" 335
"../../../Engine/Content/MobileResources/HUD/MobileHUDButton2_off.uasset" 336
"../../../Engine/Content/MobileResources/HUD/MobileHUDButton2_on.uasset" 337
"../../../Engine/Content/MobileResources/HUD/MobileHUDButton3.uasset" 338
"../../../Engine/Content/MobileResources/HUD/MobileHUDButtonFire.uasset" 339
"../../../Engine/Content/MobileResources/HUD/MobileHUDDirectionPad.uasset" 340
"../../../Engine/Content/MobileResources/HUD/MobileHUDDirectionPad2.uasset" 341
"../../../Engine/Content/MobileResources/HUD/MobileHUDDirectionPad3.uasset" 342
"../../../Engine/Content/MobileResources/HUD/MobileHUDDirectionStick.uasset" 343
"../../../Engine/Content/MobileResources/HUD/T_Castle_ThumbstickInner.uasset" 344
"../../../Engine/Content/MobileResources/HUD/T_Castle_ThumbstickOutter.uasset" 345
"../../../Engine/Content/Tutorial/ContentIntroCurve.uasset" 346
"../../../Engine/Content/Tutorial/Basics/LevelEditorAttract.uasset" 347
"../../../Engine/Content/Tutorial/BlueprintTutorials/TutorialAssets/Blueprint_64x.uasset" 348
"../../../Engine/Content/Tutorial/BlueprintTutorials/BlueprintEditorTutorial.uasset" 349
"../../../Engine/Content/VREditor/LaserPointer/VR_LaserPower_01.uasset" 350
"../../../Engine/Content/VREditor/TransformGizmo/TransformGizmoMaterial.uasset" 351
"../../../Engine/Content/VREditor/TransformGizmo/TranslucentTransformGizmoMaterial.uasset" 352
"../../../Engine/Content/VREditor/TransformGizmo/BoundingBoxCorner.uasset" 353
"../../../Engine/Content/VREditor/TransformGizmo/BoundingBoxEdge.uasset" 354
"../../../Engine/Content/VREditor/TransformGizmo/PlaneTranslationHandle.uasset" 355
"../../../Engine/Content/VREditor/TransformGizmo/Main.uasset" 356
"../../../Engine/Content/VREditor/TransformGizmo/Xray.uasset" 357
"../../../Engine/Content/VREditor/TransformGizmo/SM_Sequencer_Key.uasset" 358
"../../../Engine/Content/VREditor/TransformGizmo/SM_Sequencer_Node.uasset" 359
"../../Plugins/2D/Paper2D/Content/PlaceholderTextures/DummySpriteTexture.uasset" 360
"../../Plugins/2D/Paper2D/Content/DummySprite.uasset" 361
"../../Plugins/2D/Paper2D/Content/DefaultPaperTerrainMaterial.uasset" 362
"../../Plugins/2D/Paper2D/Content/DummySpriteTexture.uasset" 363
"../../Plugins/2D/Paper2D/Content/DefaultSpriteMaterial.uasset" 364
"../../Plugins/2D/Paper2D/Content/MaskedUnlitSpriteMaterial.uasset" 365
"../../Plugins/2D/Paper2D/Content/OpaqueUnlitSpriteMaterial.uasset" 366
"../../Plugins/Runtime/Oculus/OculusVR/Content/OculusMR_RenderTarget.uasset" 367
"../../../Engine/Content/Functions/Engine_MaterialFunctions02/Utility/BreakOutFloat4Components.uasset" 368
"../../../Engine/Content/Functions/Engine_MaterialFunctions02/Utility/MakeFloat2.uasset" 369
"../../Plugins/Runtime/Oculus/OculusVR/Content/Materials/OculusMR_ChromaKey.uasset" 370
"../../Plugins/Runtime/Oculus/OculusVR/Content/Materials/OculusMR_ChromaKey_Lit.uasset" 371
"../../Plugins/Runtime/Oculus/OculusVR/Content/Materials/OculusMR_OpaqueColoredMaterial.uasset" 372
"../../Plugins/Runtime/Oculus/OculusVR/Content/Materials/OculusMR_WhiteMaterial.uasset" 373
"../../../../../../Users/jonathan/Desktop/VerticalUE4/Content/StarterContent/Blueprints/Assets/FogBrightnessLUT.uasset" 374
"../../../../../../Users/jonathan/Desktop/VerticalUE4/Content/StarterContent/Blueprints/Assets/SunlightColorLUT.uasset" 375
"../../../../../../Users/jonathan/Desktop/VerticalUE4/Content/StarterContent/Blueprints/Assets/M_LightStage_Arrows.uasset" 376
"../../../Engine/Content/MapTemplates/Sky/DaylightAmbientCubemap.uasset" 377
"../../../../../../Users/jonathan/Desktop/VerticalUE4/Content/StarterContent/Blueprints/Assets/M_LightStage_Skybox_Master.uasset" 378
"../../../../../../Users/jonathan/Desktop/VerticalUE4/Content/StarterContent/Blueprints/Assets/M_LightStage_Skybox_Black.uasset" 379
"../../../../../../Users/jonathan/Desktop/VerticalUE4/Content/StarterContent/Blueprints/Assets/M_LightStage_Skybox_HDRI.uasset" 380
"../../../Engine/Content/EditorMaterials/Thumbnails/SkySphereMaterial.uasset" 381
"../../../../../../Users/jonathan/Desktop/VerticalUE4/Content/StarterContent/Blueprints/Assets/Skybox.uasset" 382
"../../../../../../Users/jonathan/Desktop/VerticalUE4/Content/StarterContent/Blueprints/Assets/SM_Arrows.uasset" 383
"../../../../../../Users/jonathan/Desktop/VerticalUE4/Content/StarterContent/HDRI/HDRI_Epic_Courtyard_Daylight.uasset" 384
"../../../../../../Users/jonathan/Desktop/VerticalUE4/Content/StarterContent/Blueprints/BP_LightStudio.uasset" 385
"../../../../../../Users/jonathan/Desktop/VerticalUE4/Content/StarterContent/Maps/Advanced_Lighting_BuiltData.uasset" 386
"../../../../../../Users/jonathan/Desktop/VerticalUE4/Content/StarterContent/Materials/M_AssetPlatform.uasset" 387
"../../../Engine/Content/EditorMeshes/ColorCalibrator/M_ChromeBall.uasset" 388
"../../../Engine/Content/EditorMeshes/ColorCalibrator/M_ClearCoat.uasset" 389
"../../../Engine/Content/EditorMeshes/ColorCalibrator/M_ClearCoatBlack.uasset" 390
"../../../Engine/Content/EditorMeshes/ColorCalibrator/Color_checker.uasset" 391
"../../../Engine/Content/EditorMeshes/ColorCalibrator/M_ColorGrid.uasset" 392
"../../../Engine/Content/EditorMeshes/ColorCalibrator/M_GreyBall.uasset" 393
"../../../Engine/Content/EditorMeshes/ColorCalibrator/SM_ColorCalibrator.uasset" 394
"../../../../../../Users/jonathan/Desktop/VerticalUE4/Content/StarterContent/Architecture/SM_AssetPlatform.uasset" 395
"../../../../../../Users/jonathan/Desktop/VerticalUE4/Content/StarterContent/Maps/Advanced_Lighting.umap" 396
"../../../Engine/Content/EngineSky/C_Sky_Cloud_Color.uasset" 397
"../../../Engine/Content/EngineSky/C_Sky_Horizon_Color.uasset" 398
"../../../Engine/Content/EngineSky/C_Sky_Zenith_Color.uasset" 399
"../../../Engine/Content/EngineSky/T_Sky_Blue.uasset" 400
"../../../Engine/Content/EngineSky/T_Sky_Clouds_M.uasset" 401
"../../../Engine/Content/EngineSky/T_Sky_Stars.uasset" 402
"../../../Engine/Content/EngineSky/M_Sky_Panning_Clouds2.uasset" 403
"../../../Engine/Content/EngineSky/SM_SkySphere.uasset" 404
"../../../Engine/Content/EngineSky/BP_Sky_Sphere.uasset" 405
"../../../../../../Users/jonathan/Desktop/VerticalUE4/Content/StarterContent/Maps/Minimal_Default_BuiltData.uasset" 406
"../../../../../../Users/jonathan/Desktop/VerticalUE4/Content/StarterContent/Materials/M_Metal_Brushed_Nickel.uasset" 407
"../../../../../../Users/jonathan/Desktop/VerticalUE4/Content/StarterContent/Textures/T_Metal_Aluminum_D.uasset" 408
"../../../../../../Users/jonathan/Desktop/VerticalUE4/Content/StarterContent/Textures/T_Metal_Gold_N.uasset" 409
"../../../../../../Users/jonathan/Desktop/VerticalUE4/Content/StarterContent/Materials/M_Metal_Burnished_Steel.uasset" 410
"../../../../../../Users/jonathan/Desktop/VerticalUE4/Content/StarterContent/Textures/T_Metal_Copper_D.uasset" 411
"../../../../../../Users/jonathan/Desktop/VerticalUE4/Content/StarterContent/Materials/M_Metal_Copper.uasset" 412
"../../../../../../Users/jonathan/Desktop/VerticalUE4/Content/StarterContent/Textures/T_Statue_M.uasset" 413
"../../../../../../Users/jonathan/Desktop/VerticalUE4/Content/StarterContent/Textures/T_Statue_N.uasset" 414
"../../../../../../Users/jonathan/Desktop/VerticalUE4/Content/StarterContent/Props/Materials/M_StatueGlass.uasset" 415
"../../../../../../Users/jonathan/Desktop/VerticalUE4/Content/StarterContent/Architecture/Floor_400x400.uasset" 416
"../../../../../../Users/jonathan/Desktop/VerticalUE4/Content/StarterContent/Audio/Starter_Background_Cue.uasset" 417
"../../../../../../Users/jonathan/Desktop/VerticalUE4/Content/StarterContent/Props/SM_Chair.uasset" 418
"../../../../../../Users/jonathan/Desktop/VerticalUE4/Content/StarterContent/Props/Materials/M_Statue.uasset" 419
"../../../../../../Users/jonathan/Desktop/VerticalUE4/Content/StarterContent/Props/SM_Statue.uasset" 420
"../../../../../../Users/jonathan/Desktop/VerticalUE4/Content/StarterContent/Textures/T_TableRound_M.uasset" 421
"../../../../../../Users/jonathan/Desktop/VerticalUE4/Content/StarterContent/Textures/T_TableRound_N.uasset" 422
"../../../../../../Users/jonathan/Desktop/VerticalUE4/Content/StarterContent/Props/Materials/M_TableRound.uasset" 423
"../../../../../../Users/jonathan/Desktop/VerticalUE4/Content/StarterContent/Props/SM_TableRound.uasset" 424
"../../../../../../Users/jonathan/Desktop/VerticalUE4/Content/StarterContent/Maps/Minimal_Default.umap" 425
"../../../../../../Users/jonathan/Desktop/VerticalUE4/Content/StarterContent/Audio/Fire01_Cue.uasset" 426
"../../../../../../Users/jonathan/Desktop/VerticalUE4/Content/StarterContent/Textures/T_Fire_SubUV.uasset" 427
"../../../../../../Users/jonathan/Desktop/VerticalUE4/Content/StarterContent/Textures/T_Fire_Tiled_D.uasset" 428
"../../../../../../Users/jonathan/Desktop/VerticalUE4/Content/StarterContent/Particles/Materials/M_Fire_SubUV.uasset" 429
"../../../../../../Users/jonathan/Desktop/VerticalUE4/Content/StarterContent/Textures/T_Water_N.uasset" 430
"../../../../../../Users/jonathan/Desktop/VerticalUE4/Content/StarterContent/Particles/Materials/M_Heat_Distortion.uasset" 431
"../../../../../../Users/jonathan/Desktop/VerticalUE4/Content/StarterContent/Particles/Materials/M_Radial_Gradient.uasset" 432
"../../../../../../Users/jonathan/Desktop/VerticalUE4/Content/StarterContent/Particles/P_Fire.uasset" 433
"../../../../../../Users/jonathan/Desktop/VerticalUE4/Content/StarterContent/Blueprints/Blueprint_Effect_Fire.uasset" 434
"../../../../../../Users/jonathan/Desktop/VerticalUE4/Content/StarterContent/Audio/Smoke01_Cue.uasset" 435
"../../../../../../Users/jonathan/Desktop/VerticalUE4/Content/StarterContent/Particles/P_Smoke.uasset" 436
"../../../../../../Users/jonathan/Desktop/VerticalUE4/Content/StarterContent/Blueprints/Blueprint_Effect_Smoke.uasset" 437
"../../../../../../Users/jonathan/Desktop/VerticalUE4/Content/StarterContent/Audio/Fire_Sparks01_Cue.uasset" 438
"../../../../../../Users/jonathan/Desktop/VerticalUE4/Content/StarterContent/Textures/T_Spark_Core.uasset" 439
"../../../../../../Users/jonathan/Desktop/VerticalUE4/Content/StarterContent/Particles/Materials/M_Spark.uasset" 440
"../../../../../../Users/jonathan/Desktop/VerticalUE4/Content/StarterContent/Particles/P_Sparks.uasset" 441
"../../../../../../Users/jonathan/Desktop/VerticalUE4/Content/StarterContent/Blueprints/Blueprint_Effect_Sparks.uasset" 442
"../../../../../../Users/jonathan/Desktop/VerticalUE4/Content/StarterContent/Audio/Steam01_Cue.uasset" 443
"../../../../../../Users/jonathan/Desktop/VerticalUE4/Content/StarterContent/Particles/P_Steam_Lit.uasset" 444
"../../../../../../Users/jonathan/Desktop/VerticalUE4/Content/StarterContent/Blueprints/Blueprint_Effect_Steam.uasset" 445
"../../../../../../Users/jonathan/Desktop/VerticalUE4/Content/StarterContent/Textures/T_Lamp_M.uasset" 446
"../../../../../../Users/jonathan/Desktop/VerticalUE4/Content/StarterContent/Textures/T_Lamp_N.uasset" 447
"../../../../../../Users/jonathan/Desktop/VerticalUE4/Content/StarterContent/Props/Materials/M_Lamp.uasset" 448
"../../../../../../Users/jonathan/Desktop/VerticalUE4/Content/StarterContent/Props/SM_Lamp_Ceiling.uasset" 449
"../../../../../../Users/jonathan/Desktop/VerticalUE4/Content/StarterContent/Blueprints/Blueprint_CeilingLight.uasset" 450
"../../../../../../Users/jonathan/Desktop/VerticalUE4/Content/StarterContent/Props/SM_Lamp_Wall.uasset" 451
"../../../../../../Users/jonathan/Desktop/VerticalUE4/Content/StarterContent/Blueprints/Blueprint_WallSconce.uasset" 452
"../../../../../../Users/jonathan/Desktop/VerticalUE4/Content/StarterContent/Maps/StarterMap_BuiltData.uasset" 453
"../../../Engine/Content/Functions/Engine_MaterialFunctions03/Procedurals/ComputeFilterWidth.uasset" 454
"../../../Engine/Content/EngineMaterials/AntiAliasedTextMaterialTranslucent.uasset" 455
"../../../../../../Users/jonathan/Desktop/VerticalUE4/Content/StarterContent/Textures/T_Brick_Clay_Beveled_D.uasset" 456
"../../../../../../Users/jonathan/Desktop/VerticalUE4/Content/StarterContent/Textures/T_Brick_Clay_Beveled_M.uasset" 457
"../../../../../../Users/jonathan/Desktop/VerticalUE4/Content/StarterContent/Textures/T_Brick_Clay_Beveled_N.uasset" 458
"../../../../../../Users/jonathan/Desktop/VerticalUE4/Content/StarterContent/Materials/M_Brick_Clay_Beveled.uasset" 459
"../../../../../../Users/jonathan/Desktop/VerticalUE4/Content/StarterContent/Textures/T_Brick_Clay_New_D.uasset" 460
"../../../../../../Users/jonathan/Desktop/VerticalUE4/Content/StarterContent/Textures/T_Brick_Clay_New_M.uasset" 461
"../../../../../../Users/jonathan/Desktop/VerticalUE4/Content/StarterContent/Textures/T_Brick_Clay_New_N.uasset" 462
"../../../../../../Users/jonathan/Desktop/VerticalUE4/Content/StarterContent/Materials/M_Brick_Clay_New.uasset" 463
"../../../../../../Users/jonathan/Desktop/VerticalUE4/Content/StarterContent/Textures/T_Brick_Clay_Old_D.uasset" 464
"../../../../../../Users/jonathan/Desktop/VerticalUE4/Content/StarterContent/Textures/T_Brick_Clay_Old_N.uasset" 465
"../../../../../../Users/jonathan/Desktop/VerticalUE4/Content/StarterContent/Textures/T_Perlin_Noise_M.uasset" 466
"../../../../../../Users/jonathan/Desktop/VerticalUE4/Content/StarterContent/Materials/M_Brick_Clay_Old.uasset" 467
"../../../../../../Users/jonathan/Desktop/VerticalUE4/Content/StarterContent/Textures/T_Brick_Cut_Stone_D.uasset" 468
"../../../../../../Users/jonathan/Desktop/VerticalUE4/Content/StarterContent/Textures/T_Brick_Cut_Stone_N.uasset" 469
"../../../../../../Users/jonathan/Desktop/VerticalUE4/Content/StarterContent/Materials/M_Brick_Cut_Stone.uasset" 470
"../../../../../../Users/jonathan/Desktop/VerticalUE4/Content/StarterContent/Textures/T_Brick_Hewn_Stone_D.uasset" 471
"../../../../../../Users/jonathan/Desktop/VerticalUE4/Content/StarterContent/Textures/T_Brick_Hewn_Stone_M.uasset" 472
"../../../../../../Users/jonathan/Desktop/VerticalUE4/Content/StarterContent/Textures/T_Brick_Hewn_Stone_N.uasset" 473
"../../../../../../Users/jonathan/Desktop/VerticalUE4/Content/StarterContent/Materials/M_Brick_Hewn_Stone.uasset" 474
"../../../../../../Users/jonathan/Desktop/VerticalUE4/Content/StarterContent/Textures/T_Ceramic_Tile_M.uasset" 475
"../../../../../../Users/jonathan/Desktop/VerticalUE4/Content/StarterContent/Textures/T_Ceramic_Tile_N.uasset" 476
"../../../../../../Users/jonathan/Desktop/VerticalUE4/Content/StarterContent/Textures/T_Rock_Marble_Polished_D.uasset" 477
"../../../../../../Users/jonathan/Desktop/VerticalUE4/Content/StarterContent/Materials/M_Ceramic_Tile_Checker.uasset" 478
"../../../../../../Users/jonathan/Desktop/VerticalUE4/Content/StarterContent/Textures/T_CobbleStone_Pebble_D.uasset" 479
"../../../../../../Users/jonathan/Desktop/VerticalUE4/Content/StarterContent/Textures/T_CobbleStone_Pebble_M.uasset" 480
"../../../../../../Users/jonathan/Desktop/VerticalUE4/Content/StarterContent/Textures/T_CobbleStone_Pebble_N.uasset" 481
"../../../../../../Users/jonathan/Desktop/VerticalUE4/Content/StarterContent/Materials/M_CobbleStone_Pebble.uasset" 482
"../../../../../../Users/jonathan/Desktop/VerticalUE4/Content/StarterContent/Textures/T_CobbleStone_Rough_D.uasset" 483
"../../../../../../Users/jonathan/Desktop/VerticalUE4/Content/StarterContent/Textures/T_CobbleStone_Rough_N.uasset" 484
"../../../../../../Users/jonathan/Desktop/VerticalUE4/Content/StarterContent/Textures/T_Gradinet_01.uasset" 485
"../../../../../../Users/jonathan/Desktop/VerticalUE4/Content/StarterContent/Textures/T_Rock_Smooth_Granite_D.uasset" 486
"../../../../../../Users/jonathan/Desktop/VerticalUE4/Content/StarterContent/Materials/M_CobbleStone_Rough.uasset" 487
"../../../../../../Users/jonathan/Desktop/VerticalUE4/Content/StarterContent/Textures/T_CobbleStone_Smooth_D.uasset" 488
"../../../../../../Users/jonathan/Desktop/VerticalUE4/Content/StarterContent/Textures/T_CobbleStone_Smooth_M.uasset" 489
"../../../../../../Users/jonathan/Desktop/VerticalUE4/Content/StarterContent/Textures/T_CobbleStone_Smooth_N.uasset" 490
"../../../../../../Users/jonathan/Desktop/VerticalUE4/Content/StarterContent/Materials/M_CobbleStone_Smooth.uasset" 491
"../../../../../../Users/jonathan/Desktop/VerticalUE4/Content/StarterContent/Textures/T_Concrete_Grime_D.uasset" 492
"../../../../../../Users/jonathan/Desktop/VerticalUE4/Content/StarterContent/Textures/T_Metal_Rust_N.uasset" 493
"../../../../../../Users/jonathan/Desktop/VerticalUE4/Content/StarterContent/Materials/M_Concrete_Grime.uasset" 494
"../../../../../../Users/jonathan/Desktop/VerticalUE4/Content/StarterContent/Textures/T_Concrete_Panels_D.uasset" 495
"../../../../../../Users/jonathan/Desktop/VerticalUE4/Content/StarterContent/Textures/T_Concrete_Panels_N.uasset" 496
"../../../../../../Users/jonathan/Desktop/VerticalUE4/Content/StarterContent/Materials/M_Concrete_Panels.uasset" 497
"../../../../../../Users/jonathan/Desktop/VerticalUE4/Content/StarterContent/Textures/T_Concrete_Poured_D.uasset" 498
"../../../../../../Users/jonathan/Desktop/VerticalUE4/Content/StarterContent/Textures/T_Concrete_Poured_N.uasset" 499
"../../../../../../Users/jonathan/Desktop/VerticalUE4/Content/StarterContent/Materials/M_Concrete_Poured.uasset" 500
"../../../../../../Users/jonathan/Desktop/VerticalUE4/Content/StarterContent/Textures/T_Concrete_Tiles_D.uasset" 501
"../../../../../../Users/jonathan/Desktop/VerticalUE4/Content/StarterContent/Textures/T_Concrete_Tiles_M.uasset" 502
"../../../../../../Users/jonathan/Desktop/VerticalUE4/Content/StarterContent/Textures/T_Concrete_Tiles_N.uasset" 503
"../../../../../../Users/jonathan/Desktop/VerticalUE4/Content/StarterContent/Textures/T_Concrete_Tiles_Variation_M.uasset" 504
"../../../../../../Users/jonathan/Desktop/VerticalUE4/Content/StarterContent/Materials/M_Concrete_Tiles.uasset" 505
"../../../../../../Users/jonathan/Desktop/VerticalUE4/Content/StarterContent/Textures/T_Ground_Grass_D.uasset" 506
"../../../../../../Users/jonathan/Desktop/VerticalUE4/Content/StarterContent/Textures/T_Ground_Grass_N.uasset" 507
"../../../../../../Users/jonathan/Desktop/VerticalUE4/Content/StarterContent/Materials/M_Ground_Grass.uasset" 508
"../../../../../../Users/jonathan/Desktop/VerticalUE4/Content/StarterContent/Textures/T_Ground_Gravel_D.uasset" 509
"../../../../../../Users/jonathan/Desktop/VerticalUE4/Content/StarterContent/Textures/T_Ground_Gravel_N.uasset" 510
"../../../../../../Users/jonathan/Desktop/VerticalUE4/Content/StarterContent/Materials/M_Ground_Gravel.uasset" 511
"../../../../../../Users/jonathan/Desktop/VerticalUE4/Content/StarterContent/Textures/T_ground_Moss_D.uasset" 512
"../../../../../../Users/jonathan/Desktop/VerticalUE4/Content/StarterContent/Textures/T_Ground_Moss_N.uasset" 513
"../../../../../../Users/jonathan/Desktop/VerticalUE4/Content/StarterContent/Materials/M_Ground_Moss.uasset" 514
"../../../../../../Users/jonathan/Desktop/VerticalUE4/Content/StarterContent/Materials/M_Metal_Chrome.uasset" 515
"../../../../../../Users/jonathan/Desktop/VerticalUE4/Content/StarterContent/Textures/T_Metal_Gold_D.uasset" 516
"../../../../../../Users/jonathan/Desktop/VerticalUE4/Content/StarterContent/Materials/M_Metal_Gold.uasset" 517
"../../../../../../Users/jonathan/Desktop/VerticalUE4/Content/StarterContent/Textures/T_Metal_Rust_D.uasset" 518
"../../../../../../Users/jonathan/Desktop/VerticalUE4/Content/StarterContent/Materials/M_Metal_Rust.uasset" 519
"../../../../../../Users/jonathan/Desktop/VerticalUE4/Content/StarterContent/Textures/T_Metal_Steel_N.uasset" 520
"../../../../../../Users/jonathan/Desktop/VerticalUE4/Content/StarterContent/Materials/M_Metal_Steel.uasset" 521
"../../../../../../Users/jonathan/Desktop/VerticalUE4/Content/StarterContent/Textures/T_Rock_Basalt_N.uasset" 522
"../../../../../../Users/jonathan/Desktop/VerticalUE4/Content/StarterContent/Materials/M_Rock_Basalt.uasset" 523
"../../../../../../Users/jonathan/Desktop/VerticalUE4/Content/StarterContent/Materials/M_Rock_Marble_Polished.uasset" 524
"../../../../../../Users/jonathan/Desktop/VerticalUE4/Content/StarterContent/Textures/T_Rock_Sandstone_D.uasset" 525
"../../../../../../Users/jonathan/Desktop/VerticalUE4/Content/StarterContent/Textures/T_Rock_Sandstone_N.uasset" 526
"../../../../../../Users/jonathan/Desktop/VerticalUE4/Content/StarterContent/Materials/M_Rock_Sandstone.uasset" 527
"../../../../../../Users/jonathan/Desktop/VerticalUE4/Content/StarterContent/Textures/T_Rock_Slate_D.uasset" 528
"../../../../../../Users/jonathan/Desktop/VerticalUE4/Content/StarterContent/Textures/T_Rock_Slate_N.uasset" 529
"../../../../../../Users/jonathan/Desktop/VerticalUE4/Content/StarterContent/Materials/M_Rock_Slate.uasset" 530
"../../../../../../Users/jonathan/Desktop/VerticalUE4/Content/StarterContent/Textures/T_Checker_Noise_M.uasset" 531
"../../../../../../Users/jonathan/Desktop/VerticalUE4/Content/StarterContent/Textures/T_Single_Tile_N.uasset" 532
"../../../../../../Users/jonathan/Desktop/VerticalUE4/Content/StarterContent/Textures/T_Tech_Dot_M.uasset" 533
"../../../../../../Users/jonathan/Desktop/VerticalUE4/Content/StarterContent/Textures/T_Tech_Dot_N.uasset" 534
"../../../../../../Users/jonathan/Desktop/VerticalUE4/Content/StarterContent/Materials/M_Tech_Checker_Dot.uasset" 535
"../../../../../../Users/jonathan/Desktop/VerticalUE4/Content/StarterContent/Textures/T_Tech_Hex_Tile_M.uasset" 536
"../../../../../../Users/jonathan/Desktop/VerticalUE4/Content/StarterContent/Textures/T_Tech_Hex_Tile_N.uasset" 537
"../../../../../../Users/jonathan/Desktop/VerticalUE4/Content/StarterContent/Materials/M_Tech_Hex_Tile.uasset" 538
"../../../../../../Users/jonathan/Desktop/VerticalUE4/Content/StarterContent/Materials/M_Tech_Hex_Tile_Pulse.uasset" 539
"../../../../../../Users/jonathan/Desktop/VerticalUE4/Content/StarterContent/Materials/M_Water_Lake.uasset" 540
"../../../../../../Users/jonathan/Desktop/VerticalUE4/Content/StarterContent/Textures/T_Water_M.uasset" 541
"../../../../../../Users/jonathan/Desktop/VerticalUE4/Content/StarterContent/Materials/M_Water_Ocean.uasset" 542
"../../../../../../Users/jonathan/Desktop/VerticalUE4/Content/StarterContent/Textures/T_Wood_Floor_Walnut_D.uasset" 543
"../../../../../../Users/jonathan/Desktop/VerticalUE4/Content/StarterContent/Textures/T_Wood_Floor_Walnut_M.uasset" 544
"../../../../../../Users/jonathan/Desktop/VerticalUE4/Content/StarterContent/Textures/T_Wood_Floor_Walnut_N.uasset" 545
"../../../../../../Users/jonathan/Desktop/VerticalUE4/Content/StarterContent/Materials/M_Wood_Floor_Walnut_Polished.uasset" 546
"../../../Engine/Content/Functions/Engine_MaterialFunctions01/Opacity/AlphaOffset.uasset" 547
"../../../../../../Users/jonathan/Desktop/VerticalUE4/Content/StarterContent/Materials/M_Wood_Floor_Walnut_Worn.uasset" 548
"../../../../../../Users/jonathan/Desktop/VerticalUE4/Content/StarterContent/Textures/T_Wood_Oak_D.uasset" 549
"../../../../../../Users/jonathan/Desktop/VerticalUE4/Content/StarterContent/Textures/T_Wood_Oak_N.uasset" 550
"../../../../../../Users/jonathan/Desktop/VerticalUE4/Content/StarterContent/Materials/M_Wood_Oak.uasset" 551
"../../../../../../Users/jonathan/Desktop/VerticalUE4/Content/StarterContent/Textures/T_Wood_Pine_D.uasset" 552
"../../../../../../Users/jonathan/Desktop/VerticalUE4/Content/StarterContent/Textures/T_Wood_Pine_N.uasset" 553
"../../../../../../Users/jonathan/Desktop/VerticalUE4/Content/StarterContent/Materials/M_Wood_Pine.uasset" 554
"../../../../../../Users/jonathan/Desktop/VerticalUE4/Content/StarterContent/Textures/T_Wood_Walnut_D.uasset" 555
"../../../../../../Users/jonathan/Desktop/VerticalUE4/Content/StarterContent/Textures/T_Wood_Walnut_N.uasset" 556
"../../../../../../Users/jonathan/Desktop/VerticalUE4/Content/StarterContent/Materials/M_Wood_Walnut.uasset" 557
"../../../../../../Users/jonathan/Desktop/VerticalUE4/Content/StarterContent/Architecture/Wall_400x200.uasset" 558
"../../../../../../Users/jonathan/Desktop/VerticalUE4/Content/StarterContent/Architecture/Wall_Door_400x300.uasset" 559
"../../../../../../Users/jonathan/Desktop/VerticalUE4/Content/StarterContent/Architecture/Wall_Window_400x300.uasset" 560
"../../../../../../Users/jonathan/Desktop/VerticalUE4/Content/StarterContent/Audio/Collapse_Cue.uasset" 561
"../../../../../../Users/jonathan/Desktop/VerticalUE4/Content/StarterContent/Audio/Starter_Music_Cue.uasset" 562
"../../../../../../Users/jonathan/Desktop/VerticalUE4/Content/StarterContent/Textures/T_Dust_Particle_D.uasset" 563
"../../../../../../Users/jonathan/Desktop/VerticalUE4/Content/StarterContent/Particles/Materials/M_Dust_Particle.uasset" 564
"../../../../../../Users/jonathan/Desktop/VerticalUE4/Content/StarterContent/Particles/P_Ambient_Dust.uasset" 565
"../../../../../../Users/jonathan/Desktop/VerticalUE4/Content/StarterContent/Props/MaterialSphere.uasset" 566
"../../../../../../Users/jonathan/Desktop/VerticalUE4/Content/StarterContent/Textures/T_Frame_M.uasset" 567
"../../../../../../Users/jonathan/Desktop/VerticalUE4/Content/StarterContent/Textures/T_Frame_N.uasset" 568
"../../../../../../Users/jonathan/Desktop/VerticalUE4/Content/StarterContent/Props/Materials/M_Frame.uasset" 569
"../../../../../../Users/jonathan/Desktop/VerticalUE4/Content/StarterContent/Props/SM_CornerFrame.uasset" 570
"../../../../../../Users/jonathan/Desktop/VerticalUE4/Content/StarterContent/Props/SM_DoorFrame.uasset" 571
"../../../../../../Users/jonathan/Desktop/VerticalUE4/Content/StarterContent/Props/SM_GlassWindow.uasset" 572
"../../../../../../Users/jonathan/Desktop/VerticalUE4/Content/StarterContent/Props/SM_PillarFrame.uasset" 573
"../../../../../../Users/jonathan/Desktop/VerticalUE4/Content/StarterContent/Props/SM_PillarFrame300.uasset" 574
"../../../../../../Users/jonathan/Desktop/VerticalUE4/Content/StarterContent/Props/SM_WindowFrame.uasset" 575
"../../../../../../Users/jonathan/Desktop/VerticalUE4/Content/StarterContent/Shapes/Shape_Cube.uasset" 576
"../../../../../../Users/jonathan/Desktop/VerticalUE4/Content/StarterContent/Shapes/Shape_QuadPyramid.uasset" 577
"../../../../../../Users/jonathan/Desktop/VerticalUE4/Content/StarterContent/Shapes/Shape_Sphere.uasset" 578
"../../../../../../Users/jonathan/Desktop/VerticalUE4/Content/StarterContent/Maps/StarterMap.umap" 579
"../../../../../../Users/jonathan/Desktop/VerticalUE4/Content/SuperGrid/Overview_BuiltData.uasset" 580
"../../../Engine/Content/TemplateResources/M_Template_Master.uasset" 581
"../../../Engine/Content/TemplateResources/MI_Template_BaseGray_03_Metal.uasset" 582
"../../../../../../Users/jonathan/Desktop/VerticalUE4/Content/SuperGrid/StarterPack/Materials/Palette/Advanced/M_SuperGrid_Auto.uasset" 583
"../../../../../../Users/jonathan/Desktop/VerticalUE4/Content/SuperGrid/StarterPack/Materials/Palette/Advanced/M_SuperGrid_ModernDark.uasset" 584
"../../../../../../Users/jonathan/Desktop/VerticalUE4/Content/SuperGrid/StarterPack/Materials/Palette/Advanced/M_SuperGrid_ModernLight.uasset" 585
"../../../../../../Users/jonathan/Desktop/VerticalUE4/Content/SuperGrid/StarterPack/Materials/Palette/Advanced/M_SuperGrid_ModernNeutral.uasset" 586
"../../../Engine/Content/Functions/Engine_MaterialFunctions02/Utility/LinearSine.uasset" 587
"../../../../../../Users/jonathan/Desktop/VerticalUE4/Content/SuperGrid/StarterPack/Materials/Functions/Texture/Dye_MultiColor.uasset" 588
"../../../../../../Users/jonathan/Desktop/VerticalUE4/Content/SuperGrid/StarterPack/Source/Textures/T_DotGrid_N.uasset" 589
"../../../../../../Users/jonathan/Desktop/VerticalUE4/Content/SuperGrid/StarterPack/Materials/Base/M_SuperGrid_Glowing_MultiColor.uasset" 590
"../../../../../../Users/jonathan/Desktop/VerticalUE4/Content/SuperGrid/StarterPack/Materials/Palette/Basic/M_SuperGrid_GlowingLava.uasset" 591
"../../../../../../Users/jonathan/Desktop/VerticalUE4/Content/SuperGrid/StarterPack/Materials/Palette/Basic/M_SuperGrid_MetalDark.uasset" 592
"../../../../../../Users/jonathan/Desktop/VerticalUE4/Content/SuperGrid/StarterPack/Materials/Palette/Basic/M_SuperGrid_MetalGlow.uasset" 593
"../../../../../../Users/jonathan/Desktop/VerticalUE4/Content/SuperGrid/StarterPack/Materials/Palette/Basic/M_SuperGrid_MetalLight.uasset" 594
"../../../../../../Users/jonathan/Desktop/VerticalUE4/Content/SuperGrid/StarterPack/Materials/Palette/Basic/M_SuperGrid_Soil.uasset" 595
"../../../../../../Users/jonathan/Desktop/VerticalUE4/Content/SuperGrid/StarterPack/Materials/Palette/Basic/M_SuperGrid_Stone.uasset" 596
"../../../../../../Users/jonathan/Desktop/VerticalUE4/Content/SuperGrid/StarterPack/Materials/Palette/Grids/M_SuperGrid_BlackSheet.uasset" 597
"../../../../../../Users/jonathan/Desktop/VerticalUE4/Content/SuperGrid/StarterPack/Materials/Palette/Grids/M_SuperGrid_Chess.uasset" 598
"../../../../../../Users/jonathan/Desktop/VerticalUE4/Content/SuperGrid/StarterPack/Materials/Base/M_SuperGrid_MultiColor.uasset" 599
"../../../../../../Users/jonathan/Desktop/VerticalUE4/Content/SuperGrid/StarterPack/Materials/Palette/Grids/M_SuperGrid_DangerZone.uasset" 600
"../../../../../../Users/jonathan/Desktop/VerticalUE4/Content/SuperGrid/StarterPack/Materials/Palette/Grids/M_SuperGrid_DoubleColor.uasset" 601
"../../../../../../Users/jonathan/Desktop/VerticalUE4/Content/SuperGrid/StarterPack/Materials/Palette/Grids/M_SuperGrid_White.uasset" 602
"../../../../../../Users/jonathan/Desktop/VerticalUE4/Content/SuperGrid/StarterPack/Materials/Palette/Holographic/M_SuperGrid_Holo_Color.uasset" 603
"../../../../../../Users/jonathan/Desktop/VerticalUE4/Content/SuperGrid/StarterPack/Materials/Palette/Holographic/M_SuperGrid_Holo_Mono.uasset" 604
"../../../../../../Users/jonathan/Desktop/VerticalUE4/Content/SuperGrid/TutorialLevel/MaterialInstances/M_Tut_HoloB.uasset" 605
"../../../../../../Users/jonathan/Desktop/VerticalUE4/Content/SuperGrid/TutorialLevel/Utility/Misc/PhysMat_Plastic.uasset" 606
"../../../../../../Users/jonathan/Desktop/VerticalUE4/Content/SuperGrid/TutorialLevel/MaterialInstances/M_Tut_Red.uasset" 607
"../../../../../../Users/jonathan/Desktop/VerticalUE4/Content/SuperGrid/StarterPack/Source/Meshes/SuperGrid_Arch1.uasset" 608
"../../../../../../Users/jonathan/Desktop/VerticalUE4/Content/SuperGrid/StarterPack/Source/Meshes/SuperGrid_Arch2.uasset" 609
"../../../../../../Users/jonathan/Desktop/VerticalUE4/Content/SuperGrid/StarterPack/Source/Meshes/SuperGrid_Box.uasset" 610
"../../../../../../Users/jonathan/Desktop/VerticalUE4/Content/SuperGrid/StarterPack/Source/Meshes/SuperGrid_BoxCentered.uasset" 611
"../../../../../../Users/jonathan/Desktop/VerticalUE4/Content/SuperGrid/StarterPack/Source/Meshes/SuperGrid_Cone.uasset" 612
"../../../../../../Users/jonathan/Desktop/VerticalUE4/Content/SuperGrid/StarterPack/Source/Meshes/SuperGrid_CornerInner.uasset" 613
"../../../../../../Users/jonathan/Desktop/VerticalUE4/Content/SuperGrid/StarterPack/Source/Meshes/SuperGrid_CylinderBend.uasset" 614
"../../../../../../Users/jonathan/Desktop/VerticalUE4/Content/SuperGrid/StarterPack/Source/Meshes/SuperGrid_CylinderFull.uasset" 615
"../../../../../../Users/jonathan/Desktop/VerticalUE4/Content/SuperGrid/StarterPack/Source/Meshes/SuperGrid_CylinderHalf.uasset" 616
"../../../../../../Users/jonathan/Desktop/VerticalUE4/Content/SuperGrid/StarterPack/Source/Meshes/SuperGrid_CylinderQuarter.uasset" 617
"../../../../../../Users/jonathan/Desktop/VerticalUE4/Content/SuperGrid/StarterPack/Source/Meshes/SuperGrid_Hexagon.uasset" 618
"../../../../../../Users/jonathan/Desktop/VerticalUE4/Content/SuperGrid/StarterPack/Source/Meshes/SuperGrid_Plane.uasset" 619
"../../../../../../Users/jonathan/Desktop/VerticalUE4/Content/SuperGrid/StarterPack/Source/Meshes/SuperGrid_Pyramide.uasset" 620
"../../../../../../Users/jonathan/Desktop/VerticalUE4/Content/SuperGrid/StarterPack/Source/Meshes/SuperGrid_RingFull.uasset" 621
"../../../../../../Users/jonathan/Desktop/VerticalUE4/Content/SuperGrid/StarterPack/Source/Meshes/SuperGrid_RingPiece.uasset" 622
"../../../../../../Users/jonathan/Desktop/VerticalUE4/Content/SuperGrid/StarterPack/Source/Meshes/SuperGrid_RingQuarter.uasset" 623
"../../../../../../Users/jonathan/Desktop/VerticalUE4/Content/SuperGrid/StarterPack/Source/Meshes/SuperGrid_SlantedBox22.uasset" 624
"../../../../../../Users/jonathan/Desktop/VerticalUE4/Content/SuperGrid/StarterPack/Source/Meshes/SuperGrid_SlantedBox35.uasset" 625
"../../../../../../Users/jonathan/Desktop/VerticalUE4/Content/SuperGrid/StarterPack/Source/Meshes/SuperGrid_SlantedBox45.uasset" 626
"../../../../../../Users/jonathan/Desktop/VerticalUE4/Content/SuperGrid/StarterPack/Source/Meshes/SuperGrid_Slope.uasset" 627
"../../../../../../Users/jonathan/Desktop/VerticalUE4/Content/SuperGrid/StarterPack/Source/Meshes/SuperGrid_Stairs.uasset" 628
"../../../../../../Users/jonathan/Desktop/VerticalUE4/Content/SuperGrid/TutorialLevel/MaterialInstances/M_Tut_Default.uasset" 629
"../../../../../../Users/jonathan/Desktop/VerticalUE4/Content/SuperGrid/TutorialLevel/Utility/Meshes/Utility_CylinderTop.uasset" 630
"../../../../../../Users/jonathan/Desktop/VerticalUE4/Content/SuperGrid/TutorialLevel/Utility/Meshes/Utility_ExclamationMark.uasset" 631
"../../../../../../Users/jonathan/Desktop/VerticalUE4/Content/SuperGrid/TutorialLevel/Utility/Materials/M_Utility_Light.uasset" 632
"../../../../../../Users/jonathan/Desktop/VerticalUE4/Content/SuperGrid/TutorialLevel/MaterialInstances/M_Tut_LightC.uasset" 633
"../../../../../../Users/jonathan/Desktop/VerticalUE4/Content/SuperGrid/TutorialLevel/Utility/Meshes/Utility_GroundBox.uasset" 634
"../../../../../../Users/jonathan/Desktop/VerticalUE4/Content/SuperGrid/TutorialLevel/Utility/Meshes/Utility_Helper.uasset" 635
"../../../../../../Users/jonathan/Desktop/VerticalUE4/Content/SuperGrid/TutorialLevel/Utility/Materials/M_LightCone.uasset" 636
"../../../../../../Users/jonathan/Desktop/VerticalUE4/Content/SuperGrid/TutorialLevel/Utility/Meshes/Utility_LightCone.uasset" 637
"../../../../../../Users/jonathan/Desktop/VerticalUE4/Content/SuperGrid/TutorialLevel/Utility/Meshes/Utility_ShowBox.uasset" 638
"../../../../../../Users/jonathan/Desktop/VerticalUE4/Content/SuperGrid/TutorialLevel/Utility/Meshes/Utility_SmallRing.uasset" 639
"../../../../../../Users/jonathan/Desktop/VerticalUE4/Content/SuperGrid/Overview.umap" 640
"../../../../../../Users/jonathan/Desktop/VerticalUE4/Content/SuperGrid/TutorialLevel/Utility/Misc/Curve_Transition.uasset" 641
"../../../../../../Users/jonathan/Desktop/VerticalUE4/Content/SuperGrid/TutorialLevel/Utility/Misc/HighlightFont.uasset" 642
"../../../../../../Users/jonathan/Desktop/VerticalUE4/Content/SuperGrid/TutorialLevel/Utility/Misc/PhysMat_Metal.uasset" 643
"../../../../../../Users/jonathan/Desktop/VerticalUE4/Content/SuperGrid/TutorialLevel/MaterialInstances/M_Tut_MetalCyanB.uasset" 644
"../../../../../../Users/jonathan/Desktop/VerticalUE4/Content/SuperGrid/TutorialLevel/Blueprints/LevelElements/BP_Showcase.uasset" 645
"../../../../../../Users/jonathan/Desktop/VerticalUE4/Content/SuperGrid/TutorialLevel/Blueprints/LevelElements/BP_SuperGridLogo.uasset" 646
"../../../../../../Users/jonathan/Desktop/VerticalUE4/Content/SuperGrid/StarterPack/Blueprints/SuperGrid_DynamicStairs.uasset" 647
"../../../../../../Users/jonathan/Desktop/VerticalUE4/Content/SuperGrid/StarterPack/Blueprints/SuperGrid_Wall.uasset" 648
"../../../../../../Users/jonathan/Desktop/VerticalUE4/Content/SuperGrid/TutorialLevel/MaterialInstances/M_Tut_HoloBlue.uasset" 649
"../../../../../../Users/jonathan/Desktop/VerticalUE4/Content/SuperGrid/TutorialLevel/MaterialInstances/M_Tut_MetalNeutral.uasset" 650
"../../../../../../Users/jonathan/Desktop/VerticalUE4/Content/SuperGrid/TutorialLevel/MaterialInstances/M_Tut_WhiteA.uasset" 651
"../../../../../../Users/jonathan/Desktop/VerticalUE4/Content/SuperGrid/TutorialLevel/Blueprints/LevelElements/BP_Ceiling.uasset" 652
"../../../../../../Users/jonathan/Desktop/VerticalUE4/Content/SuperGrid/TutorialLevel/MaterialInstances/M_Tut_BigGrid.uasset" 653
"../../../../../../Users/jonathan/Desktop/VerticalUE4/Content/SuperGrid/TutorialLevel/MaterialInstances/M_Tut_BlueB.uasset" 654
"../../../../../../Users/jonathan/Desktop/VerticalUE4/Content/SuperGrid/TutorialLevel/MaterialInstances/M_Tut_DangerZone.uasset" 655
"../../../../../../Users/jonathan/Desktop/VerticalUE4/Content/SuperGrid/TutorialLevel/MaterialInstances/M_Tut_LightB.uasset" 656
"../../../../../../Users/jonathan/Desktop/VerticalUE4/Content/SuperGrid/TutorialLevel/MaterialInstances/M_Tut_MetalCyanA.uasset" 657
"../../../../../../Users/jonathan/Desktop/VerticalUE4/Content/SuperGrid/TutorialLevel/MaterialInstances/M_Tut_Oriented.uasset" 658
"../../../../../../Users/jonathan/Desktop/VerticalUE4/Content/SuperGrid/TutorialLevel/MaterialInstances/M_Tut_RetroA.uasset" 659
"../../../../../../Users/jonathan/Desktop/VerticalUE4/Content/SuperGrid/TutorialLevel/MaterialInstances/M_Tut_RetroB.uasset" 660
"../../../../../../Users/jonathan/Desktop/VerticalUE4/Content/SuperGrid/TutorialLevel/MaterialInstances/M_Tut_SmallGrid.uasset" 661
"../../../../../../Users/jonathan/Desktop/VerticalUE4/Content/SuperGrid/TutorialLevel/Utility/MaterialInstances/M_Utility_Channel_B_4.uasset" 662
"../../../../../../Users/jonathan/Desktop/VerticalUE4/Content/SuperGrid/TutorialLevel/Utility/MaterialInstances/M_Utility_Channel_R.uasset" 663
"../../../../../../Users/jonathan/Desktop/VerticalUE4/Content/SuperGrid/TutorialLevel/Blueprints/LevelElements/BP_Conveyor.uasset" 664
"../../../../../../Users/jonathan/Desktop/VerticalUE4/Content/SuperGrid/TutorialLevel/MaterialInstances/M_Tut_WhiteB.uasset" 665
"../../../../../../Users/jonathan/Desktop/VerticalUE4/Content/SuperGrid/StarterPack/Source/Meshes/SuperGrid_CornerOuter.uasset" 666
"../../../../../../Users/jonathan/Desktop/VerticalUE4/Content/SuperGrid/TutorialLevel/Blueprints/LevelElements/BP_Corner.uasset" 667
"../../../../../../Users/jonathan/Desktop/VerticalUE4/Content/SuperGrid/TutorialLevel/Blueprints/LevelElements/BP_DemoScale.uasset" 668
"../../../../../../Users/jonathan/Desktop/VerticalUE4/Content/SuperGrid/TutorialLevel/Utility/Misc/Curve_ElevatorDown.uasset" 669
"../../../../../../Users/jonathan/Desktop/VerticalUE4/Content/SuperGrid/TutorialLevel/Utility/Misc/Curve_ElevatorUp.uasset" 670
"../../../../../../Users/jonathan/Desktop/VerticalUE4/Content/SuperGrid/TutorialLevel/MaterialInstances/M_Tut_Platform.uasset" 671
"../../../../../../Users/jonathan/Desktop/VerticalUE4/Content/SuperGrid/TutorialLevel/Blueprints/LevelElements/BP_Elevator.uasset" 672
"../../../Engine/Content/BasicShapes/Cube.uasset" 673
"../../../../../../Users/jonathan/Desktop/VerticalUE4/Content/SuperGrid/TutorialLevel/Blueprints/LevelElements/BP_FloatingCube.uasset" 674
"../../../../../../Users/jonathan/Desktop/VerticalUE4/Content/SuperGrid/TutorialLevel/MaterialInstances/M_Tut_HoloA.uasset" 675
"../../../../../../Users/jonathan/Desktop/VerticalUE4/Content/SuperGrid/TutorialLevel/MaterialInstances/M_Tut_HoloC.uasset" 676
"../../../../../../Users/jonathan/Desktop/VerticalUE4/Content/SuperGrid/TutorialLevel/Utility/Materials/M_LightCone_Red.uasset" 677
"../../../Engine/Content/BasicShapes/Sphere.uasset" 678
"../../../../../../Users/jonathan/Desktop/VerticalUE4/Content/SuperGrid/TutorialLevel/SoundEffects/Attenuation_Orb.uasset" 679
"../../../../../../Users/jonathan/Desktop/VerticalUE4/Content/SuperGrid/TutorialLevel/SoundEffects/Cinematic_deep_tremor.uasset" 680
"../../../../../../Users/jonathan/Desktop/VerticalUE4/Content/SuperGrid/TutorialLevel/Blueprints/LevelElements/BP_FloatingSphere.uasset" 681
"../../../../../../Users/jonathan/Desktop/VerticalUE4/Content/SuperGrid/TutorialLevel/Blueprints/LevelElements/BP_Floor.uasset" 682
"../../../../../../Users/jonathan/Desktop/VerticalUE4/Content/SuperGrid/TutorialLevel/MaterialInstances/M_Tut_LightA.uasset" 683
"../../../../../../Users/jonathan/Desktop/VerticalUE4/Content/SuperGrid/TutorialLevel/MaterialInstances/M_Tut_MetalOrange.uasset" 684
"../../../../../../Users/jonathan/Desktop/VerticalUE4/Content/SuperGrid/TutorialLevel/Blueprints/LevelElements/BP_Lamp.uasset" 685
"../../../../../../Users/jonathan/Desktop/VerticalUE4/Content/SuperGrid/TutorialLevel/Utility/Materials/M_Utility_Helper_Disabled.uasset" 686
"../../../../../../Users/jonathan/Desktop/VerticalUE4/Content/SuperGrid/TutorialLevel/Utility/Materials/M_Utility_LightPulse.uasset" 687
"../../../../../../Users/jonathan/Desktop/VerticalUE4/Content/SuperGrid/TutorialLevel/Utility/Materials/M_Utility_LightPulse_Inst.uasset" 688
"../../../../../../Users/jonathan/Desktop/VerticalUE4/Content/SuperGrid/TutorialLevel/Utility/Textures/T_CircleDecal_A.uasset" 689
"../../../../../../Users/jonathan/Desktop/VerticalUE4/Content/SuperGrid/TutorialLevel/Utility/Materials/M_UtilityDecal.uasset" 690
"../../../../../../Users/jonathan/Desktop/VerticalUE4/Content/SuperGrid/TutorialLevel/Utility/Materials/M_UtilityDecal_Disabled.uasset" 691
"../../../../../../Users/jonathan/Desktop/VerticalUE4/Content/SuperGrid/TutorialLevel/Utility/Materials/M_UtilityDecal_Enabled.uasset" 692
"../../../../../../Users/jonathan/Desktop/VerticalUE4/Content/SuperGrid/TutorialLevel/Blueprints/LevelElements/BP_LearningPoint.uasset" 693
"../../../../../../Users/jonathan/Desktop/VerticalUE4/Content/SuperGrid/TutorialLevel/Blueprints/LevelElements/BP_LightSphere.uasset" 694
"../../../../../../Users/jonathan/Desktop/VerticalUE4/Content/SuperGrid/TutorialLevel/MaterialInstances/M_Tut_BlueA.uasset" 695
"../../../../../../Users/jonathan/Desktop/VerticalUE4/Content/SuperGrid/TutorialLevel/Blueprints/LevelElements/BP_Platform.uasset" 696
"../../../Engine/Content/Functions/Engine_MaterialFunctions01/Coordinates/PixelInWorldUnits.uasset" 697
"../../../Engine/Content/Functions/Engine_MaterialFunctions01/Coordinates/WorldUnitsInPixel.uasset" 698
"../../../Engine/Content/Functions/Engine_MaterialFunctions01/Gradient/SphereGradient-2D.uasset" 699
"../../../Engine/Content/Functions/Engine_MaterialFunctions03/Particles/ParticleDOF.uasset" 700
"../../../../../../Users/jonathan/Desktop/VerticalUE4/Content/SuperGrid/TutorialLevel/Utility/Materials/M_Particles_Lit.uasset" 701
"../../../../../../Users/jonathan/Desktop/VerticalUE4/Content/SuperGrid/TutorialLevel/Utility/Textures/T_StarCircle.uasset" 702
"../../../../../../Users/jonathan/Desktop/VerticalUE4/Content/SuperGrid/TutorialLevel/Utility/Materials/M_Utility_StarCircle.uasset" 703
"../../../../../../Users/jonathan/Desktop/VerticalUE4/Content/SuperGrid/TutorialLevel/Particles/P_Star.uasset" 704
"../../../../../../Users/jonathan/Desktop/VerticalUE4/Content/SuperGrid/TutorialLevel/Utility/Materials/M_Utility_FavIcon.uasset" 705
"../../../../../../Users/jonathan/Desktop/VerticalUE4/Content/SuperGrid/TutorialLevel/Utility/Meshes/SM_Star.uasset" 706
"../../../../../../Users/jonathan/Desktop/VerticalUE4/Content/SuperGrid/TutorialLevel/Blueprints/LevelElements/BP_RateStar.uasset" 707
"../../../../../../Users/jonathan/Desktop/VerticalUE4/Content/SuperGrid/TutorialLevel/Blueprints/LevelElements/BP_ShowCase_B.uasset" 708
"../../../../../../Users/jonathan/Desktop/VerticalUE4/Content/SuperGrid/TutorialLevel/Utility/MaterialInstances/M_Utility_Channel_B.uasset" 709
"../../../../../../Users/jonathan/Desktop/VerticalUE4/Content/SuperGrid/TutorialLevel/Utility/MaterialInstances/M_Utility_Channel_B_2.uasset" 710
"../../../../../../Users/jonathan/Desktop/VerticalUE4/Content/SuperGrid/TutorialLevel/Utility/MaterialInstances/M_Utility_Channel_B_3.uasset" 711
"../../../../../../Users/jonathan/Desktop/VerticalUE4/Content/SuperGrid/TutorialLevel/Utility/MaterialInstances/M_Utility_Channel_G.uasset" 712
"../../../../../../Users/jonathan/Desktop/VerticalUE4/Content/SuperGrid/TutorialLevel/Utility/MaterialInstances/M_Utility_Channel_G_2.uasset" 713
"../../../../../../Users/jonathan/Desktop/VerticalUE4/Content/SuperGrid/TutorialLevel/Utility/MaterialInstances/M_Utility_Channel_G_3.uasset" 714
"../../../../../../Users/jonathan/Desktop/VerticalUE4/Content/SuperGrid/TutorialLevel/Utility/MaterialInstances/M_Utility_Channel_G_4.uasset" 715
"../../../../../../Users/jonathan/Desktop/VerticalUE4/Content/SuperGrid/TutorialLevel/Utility/MaterialInstances/M_Utility_Channel_R_2.uasset" 716
"../../../../../../Users/jonathan/Desktop/VerticalUE4/Content/SuperGrid/TutorialLevel/Utility/MaterialInstances/M_Utility_Channel_R_3.uasset" 717
"../../../../../../Users/jonathan/Desktop/VerticalUE4/Content/SuperGrid/TutorialLevel/Utility/MaterialInstances/M_Utility_Channel_R_4.uasset" 718
"../../../../../../Users/jonathan/Desktop/VerticalUE4/Content/SuperGrid/TutorialLevel/Utility/MaterialInstances/M_Utility_Channel_Rough_2.uasset" 719
"../../../../../../Users/jonathan/Desktop/VerticalUE4/Content/SuperGrid/TutorialLevel/Utility/MaterialInstances/M_Utility_Channel_Rough_3.uasset" 720
"../../../../../../Users/jonathan/Desktop/VerticalUE4/Content/SuperGrid/TutorialLevel/Utility/MaterialInstances/M_Utility_Channel_Rough_4.uasset" 721
"../../../../../../Users/jonathan/Desktop/VerticalUE4/Content/SuperGrid/TutorialLevel/Blueprints/LevelElements/BP_TextureShowcase.uasset" 722
"../../../../../../Users/jonathan/Desktop/VerticalUE4/Content/SuperGrid/TutorialLevel/Blueprints/LevelElements/BP_Walls.uasset" 723
"../../../../../../Users/jonathan/Desktop/VerticalUE4/Content/SuperGrid/TutorialLevel/Blueprints/LevelElements/BP_WallsWindowed.uasset" 724
"../../../../../../Users/jonathan/Desktop/VerticalUE4/Content/SuperGrid/TutorialLevel/Blueprints/UserInterface/S_UpdateNotes.uasset" 725
"../../../../../../Users/jonathan/Desktop/VerticalUE4/Content/SuperGrid/TutorialLevel/Blueprints/UserInterface/Update_Notes_11.uasset" 726
"../../../../../../Users/jonathan/Desktop/VerticalUE4/Content/SuperGrid/TutorialLevel/Blueprints/UserInterface/UpdateNotes_101.uasset" 727
"../../../../../../Users/jonathan/Desktop/VerticalUE4/Content/SuperGrid/TutorialLevel/Blueprints/UserInterface/UpdateNotes_102.uasset" 728
"../../../../../../Users/jonathan/Desktop/VerticalUE4/Content/SuperGrid/TutorialLevel/Blueprints/UserInterface/UpdateNotes_111.uasset" 729
"../../../../../../Users/jonathan/Desktop/VerticalUE4/Content/SuperGrid/TutorialLevel/Blueprints/UserInterface/UpdateNotes_112.uasset" 730
"../../../../../../Users/jonathan/Desktop/VerticalUE4/Content/SuperGrid/TutorialLevel/Blueprints/UserInterface/W_ChangeLog_Item.uasset" 731
"../../../../../../Users/jonathan/Desktop/VerticalUE4/Content/SuperGrid/TutorialLevel/Blueprints/UserInterface/W_ChangeLog.uasset" 732
"../../../../../../Users/jonathan/Desktop/VerticalUE4/Content/SuperGrid/TutorialLevel/Blueprints/UserInterface/BP_ChangeLog.uasset" 733
"../../../../../../Users/jonathan/Desktop/VerticalUE4/Content/SuperGrid/TutorialLevel/StarterTutorial_BuiltData.uasset" 734
"../../../../../../Users/jonathan/Desktop/VerticalUE4/Content/SuperGrid/StarterPack/Source/Textures/T_ConcreteWall_M.uasset" 735
"../../../../../../Users/jonathan/Desktop/VerticalUE4/Content/SuperGrid/StarterPack/Source/Textures/T_ConcreteWall_N.uasset" 736
"../../../../../../Users/jonathan/Desktop/VerticalUE4/Content/SuperGrid/StarterPack/Source/Textures/T_ConcreteWall_R.uasset" 737
"../../../../../../Users/jonathan/Desktop/VerticalUE4/Content/SuperGrid/StarterPack/Materials/Base/M_SuperGrid_Architectural.uasset" 738
"../../../../../../Users/jonathan/Desktop/VerticalUE4/Content/SuperGrid/StarterPack/Materials/Base/M_Tutorial.uasset" 739
"../../../../../../Users/jonathan/Desktop/VerticalUE4/Content/SuperGrid/TutorialLevel/MaterialInstances/M_PureBlack.uasset" 740
"../../../Engine/Content/Functions/Engine_MaterialFunctions02/ExampleContent/Textures/flipbook.uasset" 741
"../../../Engine/Content/Functions/Engine_MaterialFunctions02/Texturing/FlipBook.uasset" 742
"../../../Engine/Content/EditorResources/T_EditorHelp.uasset" 743
"../../../../../../Users/jonathan/Desktop/VerticalUE4/Content/SuperGrid/TutorialLevel/Utility/M_Tut_DocMaterial.uasset" 744
"../../../../../../Users/jonathan/Desktop/VerticalUE4/Content/SuperGrid/TutorialLevel/Utility/Materials/M_LightPillar.uasset" 745
"../../../../../../Users/jonathan/Desktop/VerticalUE4/Content/SuperGrid/TutorialLevel/Utility/Materials/M_Utility_DemoFloat.uasset" 746
"../../../../../../Users/jonathan/Desktop/VerticalUE4/Content/SuperGrid/StarterPack/Materials/Palette/Advanced/M_SuperGrid_Architectural_Black.uasset" 747
"../../../../../../Users/jonathan/Desktop/VerticalUE4/Content/SuperGrid/StarterPack/Source/Textures/T_Hexagon_N.uasset" 748
"../../../../../../Users/jonathan/Desktop/VerticalUE4/Content/SuperGrid/StarterPack/Source/Textures/T_HexagonRandom.uasset" 749
"../../../../../../Users/jonathan/Desktop/VerticalUE4/Content/SuperGrid/StarterPack/Materials/Base/M_SuperGrid_Hexagon.uasset" 750
"../../../../../../Users/jonathan/Desktop/VerticalUE4/Content/SuperGrid/StarterPack/Materials/Palette/Advanced/M_SuperGrid_HexagonOrange.uasset" 751
"../../../../../../Users/jonathan/Desktop/VerticalUE4/Content/SuperGrid/StarterPack/Materials/Palette/Advanced/M_SuperGrid_HexagonOrangeC.uasset" 752
"../../../../../../Users/jonathan/Desktop/VerticalUE4/Content/SuperGrid/StarterPack/Materials/Palette/Advanced/M_SuperGrid_HexagonRed.uasset" 753
"../../../../../../Users/jonathan/Desktop/VerticalUE4/Content/SuperGrid/StarterPack/Materials/Palette/Advanced/M_SuperGrid_MetalBar_Dark.uasset" 754
"../../../../../../Users/jonathan/Desktop/VerticalUE4/Content/SuperGrid/StarterPack/Materials/Palette/Advanced/M_SuperGrid_MetalBar_White.uasset" 755
"../../../../../../Users/jonathan/Desktop/VerticalUE4/Content/SuperGrid/StarterPack/Materials/Palette/Advanced/M_SuperGrid_PanelDark.uasset" 756
"../../../../../../Users/jonathan/Desktop/VerticalUE4/Content/SuperGrid/StarterPack/Materials/Palette/Basic/M_SuperGrid_MetalDark3.uasset" 757
"../../../../../../Users/jonathan/Desktop/VerticalUE4/Content/SuperGrid/StarterPack/Source/Textures/Templates/T_TemplateBarrel.uasset" 758
"../../../../../../Users/jonathan/Desktop/VerticalUE4/Content/SuperGrid/StarterPack/Materials/Palette/Templates/M_SuperGrid_Barrel.uasset" 759
"../../../../../../Users/jonathan/Desktop/VerticalUE4/Content/SuperGrid/StarterPack/Source/Textures/Templates/T_TemplateLlama.uasset" 760
"../../../../../../Users/jonathan/Desktop/VerticalUE4/Content/SuperGrid/StarterPack/Materials/Palette/Templates/M_SuperGrid_Llama.uasset" 761
"../../../../../../Users/jonathan/Desktop/VerticalUE4/Content/SuperGrid/TutorialLevel/MaterialInstances/M_Tut_BlackA.uasset" 762
"../../../../../../Users/jonathan/Desktop/VerticalUE4/Content/SuperGrid/TutorialLevel/MaterialInstances/M_Tut_BlackB.uasset" 763
"../../../../../../Users/jonathan/Desktop/VerticalUE4/Content/SuperGrid/TutorialLevel/MaterialInstances/M_Tut_BlackC.uasset" 764
"../../../../../../Users/jonathan/Desktop/VerticalUE4/Content/SuperGrid/TutorialLevel/MaterialInstances/M_Tut_HoloD.uasset" 765
"../../../../../../Users/jonathan/Desktop/VerticalUE4/Content/SuperGrid/TutorialLevel/MaterialInstances/M_Tut_LightD.uasset" 766
"../../../../../../Users/jonathan/Desktop/VerticalUE4/Content/SuperGrid/TutorialLevel/MaterialInstances/M_Tut_LightE.uasset" 767
"../../../../../../Users/jonathan/Desktop/VerticalUE4/Content/SuperGrid/TutorialLevel/MaterialInstances/M_Tut_LightRed.uasset" 768
"../../../../../../Users/jonathan/Desktop/VerticalUE4/Content/SuperGrid/TutorialLevel/MaterialInstances/M_Tut_RedB.uasset" 769
"../../../../../../Users/jonathan/Desktop/VerticalUE4/Content/SuperGrid/TutorialLevel/MaterialInstances/M_Tut_Redc.uasset" 770
"../../../../../../Users/jonathan/Desktop/VerticalUE4/Content/SuperGrid/TutorialLevel/MaterialInstances/M_TutHex.uasset" 771
"../../../../../../Users/jonathan/Desktop/VerticalUE4/Content/SuperGrid/TutorialLevel/MaterialInstances/M_TutHexB.uasset" 772
"../../../../../../Users/jonathan/Desktop/VerticalUE4/Content/SuperGrid/TutorialLevel/Utility/Materials/M_LightColumn.uasset" 773
"../../../../../../Users/jonathan/Desktop/VerticalUE4/Content/SuperGrid/TutorialLevel/Utility/Materials/M_LightColumnRed.uasset" 774
"../../../../../../Users/jonathan/Desktop/VerticalUE4/Content/SuperGrid/StarterPack/Source/Textures/T_BasicGridW_M.uasset" 775
"../../../../../../Users/jonathan/Desktop/VerticalUE4/Content/SuperGrid/StarterPack/Materials/Palette/Grids/M_SuperGrid_Walkable.uasset" 776
"../../../../../../Users/jonathan/Desktop/VerticalUE4/Content/SuperGrid/StarterPack/Source/Meshes/SuperGrid_Ramp.uasset" 777
"../../../../../../Users/jonathan/Desktop/VerticalUE4/Content/SuperGrid/TutorialLevel/Utility/Misc/VF_Turbulance.uasset" 778
"../../../../../../Users/jonathan/Desktop/VerticalUE4/Content/SuperGrid/TutorialLevel/Particles/P_LightPillar.uasset" 779
"../../../../../../Users/jonathan/Desktop/VerticalUE4/Content/SuperGrid/TutorialLevel/Utility/Materials/M_SquareParticleGlow.uasset" 780
"../../../../../../Users/jonathan/Desktop/VerticalUE4/Content/SuperGrid/TutorialLevel/Particles/P_Portal.uasset" 781
"../../../../../../Users/jonathan/Desktop/VerticalUE4/Content/SuperGrid/TutorialLevel/Utility/Materials/M_SquareParticle.uasset" 782
"../../../../../../Users/jonathan/Desktop/VerticalUE4/Content/SuperGrid/TutorialLevel/Particles/P_VolumeDust.uasset" 783
"../../../../../../Users/jonathan/Desktop/VerticalUE4/Content/SuperGrid/TutorialLevel/Particles/P_VolumeDustB.uasset" 784
"../../../../../../Users/jonathan/Desktop/VerticalUE4/Content/SuperGrid/TutorialLevel/SoundEffects/Attenuation_Ambient.uasset" 785
"../../../../../../Users/jonathan/Desktop/VerticalUE4/Content/SuperGrid/TutorialLevel/SoundEffects/Cinematic_deep_rumble.uasset" 786
"../../../../../../Users/jonathan/Desktop/VerticalUE4/Content/SuperGrid/TutorialLevel/Utility/Misc/LUT_Chamber102.uasset" 787
"../../../../../../Users/jonathan/Desktop/VerticalUE4/Content/SuperGrid/TutorialLevel/Utility/Misc/LUT_CorridorA.uasset" 788
"../../../../../../Users/jonathan/Desktop/VerticalUE4/Content/SuperGrid/TutorialLevel/Utility/Misc/LUT_CorridorB.uasset" 789
"../../../../../../Users/jonathan/Desktop/VerticalUE4/Content/SuperGrid/TutorialLevel/Utility/Misc/Reverb_Cellar.uasset" 790
"../../../../../../Users/jonathan/Desktop/VerticalUE4/Content/SuperGrid/TutorialLevel/Utility/Textures/T_Bloom_A.uasset" 791
"../../../../../../Users/jonathan/Desktop/VerticalUE4/Content/SuperGrid/TutorialLevel/Utility/Textures/T_Bokeh_A.uasset" 792
"../../../../../../Users/jonathan/Desktop/VerticalUE4/Content/SuperGrid/TutorialLevel/StarterTutorial.umap" 793
"../../../../../../Users/jonathan/Desktop/VerticalUE4/Content/ThirdPersonBP/Blueprints/Maps/Quantum.uasset" 794
"../../../../../../Users/jonathan/Desktop/VerticalUE4/Content/ThirdPersonBP/Blueprints/Maps/Quantum_Font.uasset" 795
"../../../../../../Users/jonathan/Desktop/VerticalUE4/Content/ThirdPersonBP/Blueprints/Maps/cosmos3.uasset" 796
"../../../../../../Users/jonathan/Desktop/VerticalUE4/Content/ThirdPersonBP/Blueprints/Maps/Credits.uasset" 797
"../../../../../../Users/jonathan/Desktop/VerticalUE4/Content/ThirdPersonBP/Blueprints/Maps/Credits_Menu.umap" 798
"../../../../../../Users/jonathan/Desktop/VerticalUE4/Content/Mannequin/Animations/ThirdPerson_Jump.uasset" 799
"../../../../../../Users/jonathan/Desktop/VerticalUE4/Content/Mannequin/Animations/ThirdPersonJump_Loop.uasset" 800
"../../../../../../Users/jonathan/Desktop/VerticalUE4/Content/Mannequin/Animations/ThirdPersonJump_Start.uasset" 801
"../../../../../../Users/jonathan/Desktop/VerticalUE4/Content/Mannequin/Animations/ThirdPersonIdle.uasset" 802
"../../../../../../Users/jonathan/Desktop/VerticalUE4/Content/Mannequin/Animations/ThirdPersonRun.uasset" 803
"../../../../../../Users/jonathan/Desktop/VerticalUE4/Content/Mannequin/Animations/ThirdPersonWalk.uasset" 804
"../../../../../../Users/jonathan/Desktop/VerticalUE4/Content/Mannequin/Animations/ThirdPerson_IdleRun_2D.uasset" 805
"../../../../../../Users/jonathan/Desktop/VerticalUE4/Content/Mannequin/Animations/ThirdPerson_AnimBP.uasset" 806
"../../../../../../Users/jonathan/Desktop/VerticalUE4/Content/Geometry/Meshes/CubeMaterial.uasset" 807
"../../../../../../Users/jonathan/Desktop/VerticalUE4/Content/Geometry/Meshes/1M_Cube_Chamfer.uasset" 808
"../../../../../../Users/jonathan/Desktop/VerticalUE4/Content/ThirdPersonBP/Blueprints/ItemHud.uasset" 809
"../../../../../../Users/jonathan/Desktop/VerticalUE4/Content/ThirdPersonBP/Blueprints/ItemManager.uasset" 810
"../../../Engine/Content/BasicShapes/BasicShapeMaterial.uasset" 811
"../../../../../../Users/jonathan/Desktop/VerticalUE4/Content/ThirdPersonBP/Blueprints/P.uasset" 812
"../../../../../../Users/jonathan/Desktop/VerticalUE4/Content/ThirdPersonBP/Blueprints/FlyerItem.uasset" 813
"../../../../../../Users/jonathan/Desktop/VerticalUE4/Content/ThirdPersonBP/Blueprints/ItemManager_Cubes.uasset" 814
"../../../Engine/Content/Functions/MaterialLayerFunctions/MatLayerBlend_NormalBlend.uasset" 815
"../../../Engine/Content/Functions/MaterialLayerFunctions/MatLayerBlend_Simple.uasset" 816
"../../../../../../Users/jonathan/Desktop/VerticalUE4/Content/Mannequin/Character/Materials/MaterialLayers/T_ML_Rubber_Blue_01_D.uasset" 817
"../../../../../../Users/jonathan/Desktop/VerticalUE4/Content/Mannequin/Character/Materials/MaterialLayers/T_ML_Rubber_Blue_01_N.uasset" 818
"../../../../../../Users/jonathan/Desktop/VerticalUE4/Content/Mannequin/Character/Materials/MaterialLayers/ML_GlossyBlack_Latex_UE4.uasset" 819
"../../../../../../Users/jonathan/Desktop/VerticalUE4/Content/Mannequin/Character/Materials/MaterialLayers/ML_Plastic_Shiny_Beige.uasset" 820
"../../../../../../Users/jonathan/Desktop/VerticalUE4/Content/Mannequin/Character/Textures/UE4_LOGO_CARD.uasset" 821
"../../../../../../Users/jonathan/Desktop/VerticalUE4/Content/Mannequin/Character/Materials/MaterialLayers/ML_Plastic_Shiny_Beige_LOGO.uasset" 822
"../../../../../../Users/jonathan/Desktop/VerticalUE4/Content/Mannequin/Character/Materials/MaterialLayers/T_ML_Aluminum01.uasset" 823
"../../../../../../Users/jonathan/Desktop/VerticalUE4/Content/Mannequin/Character/Materials/MaterialLayers/T_ML_Aluminum01_N.uasset" 824
"../../../../../../Users/jonathan/Desktop/VerticalUE4/Content/Mannequin/Character/Materials/MaterialLayers/ML_SoftMetal_UE4.uasset" 825
"../../../../../../Users/jonathan/Desktop/VerticalUE4/Content/Mannequin/Character/Textures/UE4_Mannequin__normals.uasset" 826
"../../../../../../Users/jonathan/Desktop/VerticalUE4/Content/Mannequin/Character/Textures/UE4_Mannequin_MAT_MASKA.uasset" 827
"../../../../../../Users/jonathan/Desktop/VerticalUE4/Content/Mannequin/Character/Materials/M_UE4Man_Body.uasset" 828
"../../../../../../Users/jonathan/Desktop/VerticalUE4/Content/Mannequin/Character/Textures/UE4Man_Logo_N.uasset" 829
"../../../../../../Users/jonathan/Desktop/VerticalUE4/Content/Mannequin/Character/Materials/M_UE4Man_ChestLogo.uasset" 830
"../../../../../../Users/jonathan/Desktop/VerticalUE4/Content/Mannequin/Character/Mesh/SK_Mannequin_PhysicsAsset.uasset" 831
"../../../../../../Users/jonathan/Desktop/VerticalUE4/Content/Mannequin/Character/Mesh/SK_Mannequin.uasset" 832
"../../../../../../Users/jonathan/Desktop/VerticalUE4/Content/ThirdPersonBP/Maps/PAusa.uasset" 833
"../../../../../../Users/jonathan/Desktop/VerticalUE4/Content/ThirdPersonBP/Blueprints/Character_Player.uasset" 834
"../../../../../../Users/jonathan/Desktop/VerticalUE4/Content/ThirdPersonBP/Blueprints/Menu.uasset" 835
"../../../../../../Users/jonathan/Desktop/VerticalUE4/Content/ThirdPersonBP/Blueprints/Maps/cosmos.uasset" 836
"../../../../../../Users/jonathan/Desktop/VerticalUE4/Content/ThirdPersonBP/Blueprints/Maps/FinishedGame.uasset" 837
"../../../../../../Users/jonathan/Desktop/VerticalUE4/Content/ThirdPersonBP/Blueprints/Maps/FinishGame.umap" 838
"../../../../../../Users/jonathan/Desktop/VerticalUE4/Content/ThirdPersonBP/Blueprints/BoxFinishGame.uasset" 839
"../../../../../../Users/jonathan/Desktop/VerticalUE4/Content/ThirdPersonBP/Blueprints/Cube_Material_1.uasset" 840
"../../../../../../Users/jonathan/Desktop/VerticalUE4/Content/ThirdPersonBP/Blueprints/Cube_1.uasset" 841
"../../../../../../Users/jonathan/Desktop/VerticalUE4/Content/ThirdPersonBP/Blueprints/Cube_Material_2.uasset" 842
"../../../../../../Users/jonathan/Desktop/VerticalUE4/Content/ThirdPersonBP/Blueprints/Cube_2.uasset" 843
"../../../../../../Users/jonathan/Desktop/VerticalUE4/Content/ThirdPersonBP/Blueprints/Cube_Material_3.uasset" 844
"../../../../../../Users/jonathan/Desktop/VerticalUE4/Content/ThirdPersonBP/Blueprints/Cube_3.uasset" 845
"../../../../../../Users/jonathan/Desktop/VerticalUE4/Content/ThirdPersonBP/Blueprints/Maps/music/CBS_PSS470_lost_in_space.uasset" 846
"../../../../../../Users/jonathan/Desktop/VerticalUE4/Content/ThirdPersonBP/Blueprints/DoorManager.uasset" 847
"../../../../../../Users/jonathan/Desktop/VerticalUE4/Content/ThirdPersonBP/Blueprints/Door_1.uasset" 848
"../../../../../../Users/jonathan/Desktop/VerticalUE4/Content/ThirdPersonBP/Blueprints/Door_2.uasset" 849
"../../../../../../Users/jonathan/Desktop/VerticalUE4/Content/ThirdPersonBP/Blueprints/Door_3.uasset" 850
"../../../../../../Users/jonathan/Desktop/VerticalUE4/Content/ThirdPersonBP/Blueprints/MaterialPeasureTp.uasset" 851
"../../../../../../Users/jonathan/Desktop/VerticalUE4/Content/Geometry/Meshes/1M_Cube.uasset" 852
"../../../../../../Users/jonathan/Desktop/VerticalUE4/Content/ThirdPersonBP/Blueprints/FlyerPlatform.uasset" 853
"../../../../../../Users/jonathan/Desktop/VerticalUE4/Content/SuperGrid/TutorialLevel/SoundEffects/PingBing.uasset" 854
"../../../../../../Users/jonathan/Desktop/VerticalUE4/Content/ThirdPersonBP/Blueprints/PreasureManager.uasset" 855
"../../../../../../Users/jonathan/Desktop/VerticalUE4/Content/ThirdPersonBP/Blueprints/Preasure_1.uasset" 856
"../../../../../../Users/jonathan/Desktop/VerticalUE4/Content/ThirdPersonBP/Blueprints/Preasure_2.uasset" 857
"../../../../../../Users/jonathan/Desktop/VerticalUE4/Content/ThirdPersonBP/Blueprints/Preasure_3.uasset" 858
"../../../../../../Users/jonathan/Desktop/VerticalUE4/Content/ThirdPersonBP/Blueprints/Puntero.uasset" 859
"../../../../../../Users/jonathan/Desktop/VerticalUE4/Content/ThirdPersonBP/Blueprints/ThirdPersonGameMode.uasset" 860
"../../../../../../Users/jonathan/Desktop/VerticalUE4/Content/ThirdPersonBP/Blueprints/Maps/Level_1_BuiltData.uasset" 861
"../../../../../../Users/jonathan/Desktop/VerticalUE4/Content/ThirdPersonBP/Blueprints/PlatformMaterial.uasset" 862
"../../../../../../Users/jonathan/Desktop/VerticalUE4/Content/ThirdPersonBP/Blueprints/Maps/Ambiental_Game.uasset" 863
"../../../../../../Users/jonathan/Desktop/VerticalUE4/Content/ThirdPersonBP/Blueprints/Maps/AmbientalGame.uasset" 864
"../../../../../../Users/jonathan/Desktop/VerticalUE4/Content/ThirdPersonBP/Blueprints/Maps/Level_1.umap" 865
"../../../../../../Users/jonathan/Desktop/VerticalUE4/Content/ThirdPersonBP/Blueprints/Maps/cosmos_1.uasset" 866
"../../../../../../Users/jonathan/Desktop/VerticalUE4/Content/ThirdPersonBP/Blueprints/Maps/Menu.uasset" 867
"../../../../../../Users/jonathan/Desktop/VerticalUE4/Content/ThirdPersonBP/Blueprints/Maps/electric-piano-37_120bpm_F_.uasset" 868
"../../../../../../Users/jonathan/Desktop/VerticalUE4/Content/ThirdPersonBP/Blueprints/Maps/MenuSound.uasset" 869
"../../../../../../Users/jonathan/Desktop/VerticalUE4/Content/ThirdPersonBP/Blueprints/Maps/MainMenu.umap" 870
"../../../../../../Users/jonathan/Desktop/VerticalUE4/Content/ThirdPersonBP/Blueprints/Maps/ObnBoardingWidget.uasset" 871
"../../../../../../Users/jonathan/Desktop/VerticalUE4/Content/ThirdPersonBP/Blueprints/Maps/OnBoarding.umap" 872
"../../../../../../Users/jonathan/Desktop/VerticalUE4/Content/ThirdPersonBP/Blueprints/ManipulableItem.uasset" 873
"../../../../../../Users/jonathan/Desktop/VerticalUE4/Content/ThirdPersonBP/Maps/CampoDePruebas_BuiltData.uasset" 874
"../../../../../../Users/jonathan/Desktop/VerticalUE4/Content/Geometry/Meshes/TemplateFloor.uasset" 875
"../../../../../../Users/jonathan/Desktop/VerticalUE4/Content/ThirdPerson/Meshes/RampMaterial.uasset" 876
"../../../../../../Users/jonathan/Desktop/VerticalUE4/Content/ThirdPerson/Meshes/Bump_StaticMesh.uasset" 877
"../../../../../../Users/jonathan/Desktop/VerticalUE4/Content/ThirdPerson/Meshes/LeftArm_StaticMesh.uasset" 878
"../../../../../../Users/jonathan/Desktop/VerticalUE4/Content/ThirdPerson/Meshes/Linear_Stair_StaticMesh.uasset" 879
"../../../../../../Users/jonathan/Desktop/VerticalUE4/Content/ThirdPerson/Meshes/Ramp_StaticMesh.uasset" 880
"../../../../../../Users/jonathan/Desktop/VerticalUE4/Content/ThirdPerson/Meshes/RightArm_StaticMesh.uasset" 881
"../../../../../../Users/jonathan/Desktop/VerticalUE4/Content/ThirdPersonBP/Maps/CampoDePruebas.umap" 882
"../../../Engine/Content/Maps/Entry_BuiltData.uasset" 883
"../../../Engine/Content/Maps/Entry.umap" 884
